2022-10-11 20:56:14,015 INFO  [restartedMain] com.hillrent.HillRentApplication:Starting HillRentApplication using Java 17.0.2 on Cihangir with PID 6720 (C:\Users\a\IdeaProjects\PROJECTS\HillRent\target\classes started by a in C:\Users\a\IdeaProjects\PROJECTS\HillRent)
2022-10-11 20:56:14,020 DEBUG [restartedMain] com.hillrent.HillRentApplication:Running with Spring Boot v2.6.9, Spring v5.3.21
2022-10-11 20:56:14,022 INFO  [restartedMain] com.hillrent.HillRentApplication:No active profile set, falling back to 1 default profile: "default"
2022-10-11 20:56:14,101 INFO  [restartedMain] org.springframework.boot.devtools.env.DevToolsPropertyDefaultsPostProcessor:Devtools property defaults active! Set 'spring.devtools.add-properties' to 'false' to disable
2022-10-11 20:56:14,101 INFO  [restartedMain] org.springframework.boot.devtools.env.DevToolsPropertyDefaultsPostProcessor:For additional web related logging consider setting the 'logging.level.web' property to 'DEBUG'
2022-10-11 20:56:15,382 INFO  [restartedMain] org.springframework.data.repository.config.RepositoryConfigurationDelegate:Bootstrapping Spring Data JPA repositories in DEFAULT mode.
2022-10-11 20:56:15,480 INFO  [restartedMain] org.springframework.data.repository.config.RepositoryConfigurationDelegate:Finished Spring Data repository scanning in 89 ms. Found 6 JPA repository interfaces.
2022-10-11 20:56:16,264 INFO  [restartedMain] org.springframework.boot.web.embedded.tomcat.TomcatWebServer:Tomcat initialized with port(s): 8080 (http)
2022-10-11 20:56:16,279 INFO  [restartedMain] org.apache.catalina.core.StandardService:Starting service [Tomcat]
2022-10-11 20:56:16,280 INFO  [restartedMain] org.apache.catalina.core.StandardEngine:Starting Servlet engine: [Apache Tomcat/9.0.64]
2022-10-11 20:56:16,392 INFO  [restartedMain] org.apache.catalina.core.ContainerBase.[Tomcat].[localhost].[/]:Initializing Spring embedded WebApplicationContext
2022-10-11 20:56:16,393 INFO  [restartedMain] org.springframework.boot.web.servlet.context.ServletWebServerApplicationContext:Root WebApplicationContext: initialization completed in 2291 ms
2022-10-11 20:56:16,774 INFO  [restartedMain] org.hibernate.jpa.internal.util.LogHelper:HHH000204: Processing PersistenceUnitInfo [name: default]
2022-10-11 20:56:16,849 INFO  [restartedMain] org.hibernate.Version:HHH000412: Hibernate ORM core version 5.6.9.Final
2022-10-11 20:56:17,051 INFO  [restartedMain] org.hibernate.annotations.common.Version:HCANN000001: Hibernate Commons Annotations {5.1.2.Final}
2022-10-11 20:56:17,192 INFO  [restartedMain] com.zaxxer.hikari.HikariDataSource:HikariPool-1 - Starting...
2022-10-11 20:56:17,543 INFO  [restartedMain] com.zaxxer.hikari.HikariDataSource:HikariPool-1 - Start completed.
2022-10-11 20:56:17,565 INFO  [restartedMain] org.hibernate.dialect.Dialect:HHH000400: Using dialect: org.hibernate.dialect.PostgreSQLDialect
2022-10-11 20:56:18,706 INFO  [restartedMain] org.hibernate.engine.transaction.jta.platform.internal.JtaPlatformInitiator:HHH000490: Using JtaPlatform implementation: [org.hibernate.engine.transaction.jta.platform.internal.NoJtaPlatform]
2022-10-11 20:56:18,716 INFO  [restartedMain] org.springframework.orm.jpa.LocalContainerEntityManagerFactoryBean:Initialized JPA EntityManagerFactory for persistence unit 'default'
2022-10-11 20:56:19,312 WARN  [restartedMain] org.springframework.boot.autoconfigure.orm.jpa.JpaBaseConfiguration$JpaWebConfiguration:spring.jpa.open-in-view is enabled by default. Therefore, database queries may be performed during view rendering. Explicitly configure spring.jpa.open-in-view to disable this warning
2022-10-11 20:56:19,394 DEBUG [restartedMain] com.hillrent.security.jwt.AuthTokenFilter:Filter 'authenticationJwtTokenFilter' configured for use
2022-10-11 20:56:19,787 WARN  [restartedMain] org.springframework.security.config.annotation.web.builders.WebSecurity:You are asking Spring Security to ignore Ant [pattern='/v3/api-docs/**']. This is not recommended -- please use permitAll via HttpSecurity#authorizeHttpRequests instead.
2022-10-11 20:56:19,787 INFO  [restartedMain] org.springframework.security.web.DefaultSecurityFilterChain:Will not secure Ant [pattern='/v3/api-docs/**']
2022-10-11 20:56:19,788 WARN  [restartedMain] org.springframework.security.config.annotation.web.builders.WebSecurity:You are asking Spring Security to ignore Ant [pattern='/swagger-ui.html']. This is not recommended -- please use permitAll via HttpSecurity#authorizeHttpRequests instead.
2022-10-11 20:56:19,788 INFO  [restartedMain] org.springframework.security.web.DefaultSecurityFilterChain:Will not secure Ant [pattern='/swagger-ui.html']
2022-10-11 20:56:19,788 WARN  [restartedMain] org.springframework.security.config.annotation.web.builders.WebSecurity:You are asking Spring Security to ignore Ant [pattern='/swagger-ui/**']. This is not recommended -- please use permitAll via HttpSecurity#authorizeHttpRequests instead.
2022-10-11 20:56:19,788 INFO  [restartedMain] org.springframework.security.web.DefaultSecurityFilterChain:Will not secure Ant [pattern='/swagger-ui/**']
2022-10-11 20:56:19,789 WARN  [restartedMain] org.springframework.security.config.annotation.web.builders.WebSecurity:You are asking Spring Security to ignore Ant [pattern='/']. This is not recommended -- please use permitAll via HttpSecurity#authorizeHttpRequests instead.
2022-10-11 20:56:19,789 INFO  [restartedMain] org.springframework.security.web.DefaultSecurityFilterChain:Will not secure Ant [pattern='/']
2022-10-11 20:56:19,789 WARN  [restartedMain] org.springframework.security.config.annotation.web.builders.WebSecurity:You are asking Spring Security to ignore Ant [pattern='index.html']. This is not recommended -- please use permitAll via HttpSecurity#authorizeHttpRequests instead.
2022-10-11 20:56:19,789 INFO  [restartedMain] org.springframework.security.web.DefaultSecurityFilterChain:Will not secure Ant [pattern='index.html']
2022-10-11 20:56:19,789 WARN  [restartedMain] org.springframework.security.config.annotation.web.builders.WebSecurity:You are asking Spring Security to ignore Ant [pattern='/images/**']. This is not recommended -- please use permitAll via HttpSecurity#authorizeHttpRequests instead.
2022-10-11 20:56:19,790 INFO  [restartedMain] org.springframework.security.web.DefaultSecurityFilterChain:Will not secure Ant [pattern='/images/**']
2022-10-11 20:56:19,820 INFO  [restartedMain] org.springframework.security.web.DefaultSecurityFilterChain:Will secure any request with [org.springframework.security.web.context.request.async.WebAsyncManagerIntegrationFilter@396d1bda, org.springframework.security.web.context.SecurityContextPersistenceFilter@40677685, org.springframework.security.web.header.HeaderWriterFilter@4100da6f, org.springframework.security.web.authentication.logout.LogoutFilter@1f7d1990, com.hillrent.security.jwt.AuthTokenFilter@5e541029, org.springframework.security.web.savedrequest.RequestCacheAwareFilter@5e2c3d92, org.springframework.security.web.servletapi.SecurityContextHolderAwareRequestFilter@46185d72, org.springframework.security.web.authentication.AnonymousAuthenticationFilter@3dcc7d25, org.springframework.security.web.session.SessionManagementFilter@3bb65e7d, org.springframework.security.web.access.ExceptionTranslationFilter@75425660, org.springframework.security.web.access.intercept.FilterSecurityInterceptor@7ae074c1]
2022-10-11 20:56:20,124 INFO  [restartedMain] org.springframework.boot.autoconfigure.web.servlet.WelcomePageHandlerMapping:Adding welcome page: class path resource [static/index.html]
2022-10-11 20:56:21,149 INFO  [restartedMain] org.springframework.boot.devtools.autoconfigure.OptionalLiveReloadServer:LiveReload server is running on port 35729
2022-10-11 20:56:21,155 INFO  [restartedMain] org.springframework.boot.actuate.endpoint.web.EndpointLinksResolver:Exposing 1 endpoint(s) beneath base path '/actuator'
2022-10-11 20:56:21,238 INFO  [restartedMain] org.springframework.boot.web.embedded.tomcat.TomcatWebServer:Tomcat started on port(s): 8080 (http) with context path ''
2022-10-11 20:56:21,257 INFO  [restartedMain] com.hillrent.HillRentApplication:Started HillRentApplication in 7.804 seconds (JVM running for 8.744)
2022-10-11 20:56:26,437 INFO  [RMI TCP Connection(2)-127.0.0.1] org.springframework.boot.admin.SpringApplicationAdminMXBeanRegistrar$SpringApplicationAdmin:Application shutdown requested.
2022-10-11 20:56:26,468 INFO  [RMI TCP Connection(2)-127.0.0.1] org.springframework.orm.jpa.LocalContainerEntityManagerFactoryBean:Closing JPA EntityManagerFactory for persistence unit 'default'
2022-10-11 20:56:26,471 INFO  [RMI TCP Connection(2)-127.0.0.1] com.zaxxer.hikari.HikariDataSource:HikariPool-1 - Shutdown initiated...
2022-10-11 20:56:26,474 INFO  [RMI TCP Connection(2)-127.0.0.1] com.zaxxer.hikari.HikariDataSource:HikariPool-1 - Shutdown completed.
2022-10-11 21:01:44,783 INFO  [restartedMain] com.hillrent.HillRentApplication:Starting HillRentApplication using Java 17.0.2 on Cihangir with PID 11196 (C:\Users\a\IdeaProjects\PROJECTS\HillRent\target\classes started by a in C:\Users\a\IdeaProjects\PROJECTS\HillRent)
2022-10-11 21:01:44,784 DEBUG [restartedMain] com.hillrent.HillRentApplication:Running with Spring Boot v2.6.9, Spring v5.3.21
2022-10-11 21:01:44,785 INFO  [restartedMain] com.hillrent.HillRentApplication:No active profile set, falling back to 1 default profile: "default"
2022-10-11 21:01:44,840 INFO  [restartedMain] org.springframework.boot.devtools.env.DevToolsPropertyDefaultsPostProcessor:Devtools property defaults active! Set 'spring.devtools.add-properties' to 'false' to disable
2022-10-11 21:01:44,840 INFO  [restartedMain] org.springframework.boot.devtools.env.DevToolsPropertyDefaultsPostProcessor:For additional web related logging consider setting the 'logging.level.web' property to 'DEBUG'
2022-10-11 21:01:46,263 INFO  [restartedMain] org.springframework.data.repository.config.RepositoryConfigurationDelegate:Bootstrapping Spring Data JPA repositories in DEFAULT mode.
2022-10-11 21:01:46,362 INFO  [restartedMain] org.springframework.data.repository.config.RepositoryConfigurationDelegate:Finished Spring Data repository scanning in 89 ms. Found 6 JPA repository interfaces.
2022-10-11 21:03:58,668 INFO  [restartedMain] com.hillrent.HillRentApplication:Starting HillRentApplication using Java 17.0.2 on Cihangir with PID 11084 (C:\Users\a\IdeaProjects\PROJECTS\HillRent\target\classes started by a in C:\Users\a\IdeaProjects\PROJECTS\HillRent)
2022-10-11 21:03:58,670 DEBUG [restartedMain] com.hillrent.HillRentApplication:Running with Spring Boot v2.6.9, Spring v5.3.21
2022-10-11 21:03:58,670 INFO  [restartedMain] com.hillrent.HillRentApplication:No active profile set, falling back to 1 default profile: "default"
2022-10-11 21:03:58,720 INFO  [restartedMain] org.springframework.boot.devtools.env.DevToolsPropertyDefaultsPostProcessor:Devtools property defaults active! Set 'spring.devtools.add-properties' to 'false' to disable
2022-10-11 21:03:58,720 INFO  [restartedMain] org.springframework.boot.devtools.env.DevToolsPropertyDefaultsPostProcessor:For additional web related logging consider setting the 'logging.level.web' property to 'DEBUG'
2022-10-11 21:03:59,946 INFO  [restartedMain] org.springframework.data.repository.config.RepositoryConfigurationDelegate:Bootstrapping Spring Data JPA repositories in DEFAULT mode.
2022-10-11 21:04:00,051 INFO  [restartedMain] org.springframework.data.repository.config.RepositoryConfigurationDelegate:Finished Spring Data repository scanning in 95 ms. Found 6 JPA repository interfaces.
2022-10-11 21:04:00,909 INFO  [restartedMain] org.springframework.boot.web.embedded.tomcat.TomcatWebServer:Tomcat initialized with port(s): 8080 (http)
2022-10-11 21:04:00,924 INFO  [restartedMain] org.apache.catalina.core.StandardService:Starting service [Tomcat]
2022-10-11 21:04:00,924 INFO  [restartedMain] org.apache.catalina.core.StandardEngine:Starting Servlet engine: [Apache Tomcat/9.0.64]
2022-10-11 21:04:01,031 INFO  [restartedMain] org.apache.catalina.core.ContainerBase.[Tomcat].[localhost].[/]:Initializing Spring embedded WebApplicationContext
2022-10-11 21:04:01,031 INFO  [restartedMain] org.springframework.boot.web.servlet.context.ServletWebServerApplicationContext:Root WebApplicationContext: initialization completed in 2310 ms
2022-10-11 21:04:01,341 INFO  [restartedMain] org.hibernate.jpa.internal.util.LogHelper:HHH000204: Processing PersistenceUnitInfo [name: default]
2022-10-11 21:04:01,398 INFO  [restartedMain] org.hibernate.Version:HHH000412: Hibernate ORM core version 5.6.9.Final
2022-10-11 21:04:01,610 INFO  [restartedMain] org.hibernate.annotations.common.Version:HCANN000001: Hibernate Commons Annotations {5.1.2.Final}
2022-10-11 21:04:01,723 INFO  [restartedMain] com.zaxxer.hikari.HikariDataSource:HikariPool-1 - Starting...
2022-10-11 21:04:01,909 INFO  [restartedMain] com.zaxxer.hikari.HikariDataSource:HikariPool-1 - Start completed.
2022-10-11 21:04:01,928 INFO  [restartedMain] org.hibernate.dialect.Dialect:HHH000400: Using dialect: org.hibernate.dialect.PostgreSQLDialect
2022-10-11 21:04:02,896 INFO  [restartedMain] org.hibernate.engine.transaction.jta.platform.internal.JtaPlatformInitiator:HHH000490: Using JtaPlatform implementation: [org.hibernate.engine.transaction.jta.platform.internal.NoJtaPlatform]
2022-10-11 21:04:02,911 INFO  [restartedMain] org.springframework.orm.jpa.LocalContainerEntityManagerFactoryBean:Initialized JPA EntityManagerFactory for persistence unit 'default'
2022-10-11 21:04:03,508 WARN  [restartedMain] org.springframework.boot.autoconfigure.orm.jpa.JpaBaseConfiguration$JpaWebConfiguration:spring.jpa.open-in-view is enabled by default. Therefore, database queries may be performed during view rendering. Explicitly configure spring.jpa.open-in-view to disable this warning
2022-10-11 21:04:03,585 DEBUG [restartedMain] com.hillrent.security.jwt.AuthTokenFilter:Filter 'authenticationJwtTokenFilter' configured for use
2022-10-11 21:04:03,991 WARN  [restartedMain] org.springframework.security.config.annotation.web.builders.WebSecurity:You are asking Spring Security to ignore Ant [pattern='/v3/api-docs/**']. This is not recommended -- please use permitAll via HttpSecurity#authorizeHttpRequests instead.
2022-10-11 21:04:03,991 INFO  [restartedMain] org.springframework.security.web.DefaultSecurityFilterChain:Will not secure Ant [pattern='/v3/api-docs/**']
2022-10-11 21:04:03,992 WARN  [restartedMain] org.springframework.security.config.annotation.web.builders.WebSecurity:You are asking Spring Security to ignore Ant [pattern='/swagger-ui.html']. This is not recommended -- please use permitAll via HttpSecurity#authorizeHttpRequests instead.
2022-10-11 21:04:03,992 INFO  [restartedMain] org.springframework.security.web.DefaultSecurityFilterChain:Will not secure Ant [pattern='/swagger-ui.html']
2022-10-11 21:04:03,992 WARN  [restartedMain] org.springframework.security.config.annotation.web.builders.WebSecurity:You are asking Spring Security to ignore Ant [pattern='/swagger-ui/**']. This is not recommended -- please use permitAll via HttpSecurity#authorizeHttpRequests instead.
2022-10-11 21:04:03,992 INFO  [restartedMain] org.springframework.security.web.DefaultSecurityFilterChain:Will not secure Ant [pattern='/swagger-ui/**']
2022-10-11 21:04:03,993 WARN  [restartedMain] org.springframework.security.config.annotation.web.builders.WebSecurity:You are asking Spring Security to ignore Ant [pattern='/']. This is not recommended -- please use permitAll via HttpSecurity#authorizeHttpRequests instead.
2022-10-11 21:04:03,993 INFO  [restartedMain] org.springframework.security.web.DefaultSecurityFilterChain:Will not secure Ant [pattern='/']
2022-10-11 21:04:03,993 WARN  [restartedMain] org.springframework.security.config.annotation.web.builders.WebSecurity:You are asking Spring Security to ignore Ant [pattern='index.html']. This is not recommended -- please use permitAll via HttpSecurity#authorizeHttpRequests instead.
2022-10-11 21:04:03,993 INFO  [restartedMain] org.springframework.security.web.DefaultSecurityFilterChain:Will not secure Ant [pattern='index.html']
2022-10-11 21:04:03,993 WARN  [restartedMain] org.springframework.security.config.annotation.web.builders.WebSecurity:You are asking Spring Security to ignore Ant [pattern='/images/**']. This is not recommended -- please use permitAll via HttpSecurity#authorizeHttpRequests instead.
2022-10-11 21:04:03,994 INFO  [restartedMain] org.springframework.security.web.DefaultSecurityFilterChain:Will not secure Ant [pattern='/images/**']
2022-10-11 21:04:04,027 INFO  [restartedMain] org.springframework.security.web.DefaultSecurityFilterChain:Will secure any request with [org.springframework.security.web.context.request.async.WebAsyncManagerIntegrationFilter@78a5f147, org.springframework.security.web.context.SecurityContextPersistenceFilter@3addf92, org.springframework.security.web.header.HeaderWriterFilter@d1134c, org.springframework.security.web.authentication.logout.LogoutFilter@75340450, com.hillrent.security.jwt.AuthTokenFilter@1a66210d, org.springframework.security.web.savedrequest.RequestCacheAwareFilter@6e54cac0, org.springframework.security.web.servletapi.SecurityContextHolderAwareRequestFilter@3b3a52d4, org.springframework.security.web.authentication.AnonymousAuthenticationFilter@64c09325, org.springframework.security.web.session.SessionManagementFilter@66199bc6, org.springframework.security.web.access.ExceptionTranslationFilter@3d6bc144, org.springframework.security.web.access.intercept.FilterSecurityInterceptor@5232e592]
2022-10-11 21:04:04,319 INFO  [restartedMain] org.springframework.boot.autoconfigure.web.servlet.WelcomePageHandlerMapping:Adding welcome page: class path resource [static/index.html]
2022-10-11 21:04:05,367 INFO  [restartedMain] org.springframework.boot.devtools.autoconfigure.OptionalLiveReloadServer:LiveReload server is running on port 35729
2022-10-11 21:04:05,374 INFO  [restartedMain] org.springframework.boot.actuate.endpoint.web.EndpointLinksResolver:Exposing 1 endpoint(s) beneath base path '/actuator'
2022-10-11 21:04:05,461 INFO  [restartedMain] org.springframework.boot.web.embedded.tomcat.TomcatWebServer:Tomcat started on port(s): 8080 (http) with context path ''
2022-10-11 21:04:05,484 INFO  [restartedMain] com.hillrent.HillRentApplication:Started HillRentApplication in 7.298 seconds (JVM running for 8.113)
2022-10-11 21:04:16,896 INFO  [RMI TCP Connection(2)-127.0.0.1] org.springframework.boot.admin.SpringApplicationAdminMXBeanRegistrar$SpringApplicationAdmin:Application shutdown requested.
2022-10-11 21:04:16,920 INFO  [RMI TCP Connection(2)-127.0.0.1] org.springframework.orm.jpa.LocalContainerEntityManagerFactoryBean:Closing JPA EntityManagerFactory for persistence unit 'default'
2022-10-11 21:04:16,924 INFO  [RMI TCP Connection(2)-127.0.0.1] com.zaxxer.hikari.HikariDataSource:HikariPool-1 - Shutdown initiated...
2022-10-11 21:04:16,927 INFO  [RMI TCP Connection(2)-127.0.0.1] com.zaxxer.hikari.HikariDataSource:HikariPool-1 - Shutdown completed.
2022-10-11 21:04:21,776 INFO  [restartedMain] com.hillrent.HillRentApplication:Starting HillRentApplication using Java 17.0.2 on Cihangir with PID 6984 (C:\Users\a\IdeaProjects\PROJECTS\HillRent\target\classes started by a in C:\Users\a\IdeaProjects\PROJECTS\HillRent)
2022-10-11 21:04:21,777 DEBUG [restartedMain] com.hillrent.HillRentApplication:Running with Spring Boot v2.6.9, Spring v5.3.21
2022-10-11 21:04:21,778 INFO  [restartedMain] com.hillrent.HillRentApplication:No active profile set, falling back to 1 default profile: "default"
2022-10-11 21:04:21,827 INFO  [restartedMain] org.springframework.boot.devtools.env.DevToolsPropertyDefaultsPostProcessor:Devtools property defaults active! Set 'spring.devtools.add-properties' to 'false' to disable
2022-10-11 21:04:21,827 INFO  [restartedMain] org.springframework.boot.devtools.env.DevToolsPropertyDefaultsPostProcessor:For additional web related logging consider setting the 'logging.level.web' property to 'DEBUG'
2022-10-11 21:04:22,961 INFO  [restartedMain] org.springframework.data.repository.config.RepositoryConfigurationDelegate:Bootstrapping Spring Data JPA repositories in DEFAULT mode.
2022-10-11 21:04:23,050 INFO  [restartedMain] org.springframework.data.repository.config.RepositoryConfigurationDelegate:Finished Spring Data repository scanning in 80 ms. Found 6 JPA repository interfaces.
2022-10-11 21:04:23,744 INFO  [restartedMain] org.springframework.boot.web.embedded.tomcat.TomcatWebServer:Tomcat initialized with port(s): 8080 (http)
2022-10-11 21:04:23,755 INFO  [restartedMain] org.apache.catalina.core.StandardService:Starting service [Tomcat]
2022-10-11 21:04:23,755 INFO  [restartedMain] org.apache.catalina.core.StandardEngine:Starting Servlet engine: [Apache Tomcat/9.0.64]
2022-10-11 21:04:23,848 INFO  [restartedMain] org.apache.catalina.core.ContainerBase.[Tomcat].[localhost].[/]:Initializing Spring embedded WebApplicationContext
2022-10-11 21:04:23,849 INFO  [restartedMain] org.springframework.boot.web.servlet.context.ServletWebServerApplicationContext:Root WebApplicationContext: initialization completed in 2021 ms
2022-10-11 21:04:24,143 INFO  [restartedMain] org.hibernate.jpa.internal.util.LogHelper:HHH000204: Processing PersistenceUnitInfo [name: default]
2022-10-11 21:04:24,198 INFO  [restartedMain] org.hibernate.Version:HHH000412: Hibernate ORM core version 5.6.9.Final
2022-10-11 21:04:24,384 INFO  [restartedMain] org.hibernate.annotations.common.Version:HCANN000001: Hibernate Commons Annotations {5.1.2.Final}
2022-10-11 21:04:24,496 INFO  [restartedMain] com.zaxxer.hikari.HikariDataSource:HikariPool-1 - Starting...
2022-10-11 21:04:24,683 INFO  [restartedMain] com.zaxxer.hikari.HikariDataSource:HikariPool-1 - Start completed.
2022-10-11 21:04:24,702 INFO  [restartedMain] org.hibernate.dialect.Dialect:HHH000400: Using dialect: org.hibernate.dialect.PostgreSQLDialect
2022-10-11 21:04:25,683 INFO  [restartedMain] org.hibernate.engine.transaction.jta.platform.internal.JtaPlatformInitiator:HHH000490: Using JtaPlatform implementation: [org.hibernate.engine.transaction.jta.platform.internal.NoJtaPlatform]
2022-10-11 21:04:25,693 INFO  [restartedMain] org.springframework.orm.jpa.LocalContainerEntityManagerFactoryBean:Initialized JPA EntityManagerFactory for persistence unit 'default'
2022-10-11 21:04:26,268 WARN  [restartedMain] org.springframework.boot.autoconfigure.orm.jpa.JpaBaseConfiguration$JpaWebConfiguration:spring.jpa.open-in-view is enabled by default. Therefore, database queries may be performed during view rendering. Explicitly configure spring.jpa.open-in-view to disable this warning
2022-10-11 21:04:26,342 DEBUG [restartedMain] com.hillrent.security.jwt.AuthTokenFilter:Filter 'authenticationJwtTokenFilter' configured for use
2022-10-11 21:04:26,741 WARN  [restartedMain] org.springframework.security.config.annotation.web.builders.WebSecurity:You are asking Spring Security to ignore Ant [pattern='/v3/api-docs/**']. This is not recommended -- please use permitAll via HttpSecurity#authorizeHttpRequests instead.
2022-10-11 21:04:26,741 INFO  [restartedMain] org.springframework.security.web.DefaultSecurityFilterChain:Will not secure Ant [pattern='/v3/api-docs/**']
2022-10-11 21:04:26,742 WARN  [restartedMain] org.springframework.security.config.annotation.web.builders.WebSecurity:You are asking Spring Security to ignore Ant [pattern='/swagger-ui.html']. This is not recommended -- please use permitAll via HttpSecurity#authorizeHttpRequests instead.
2022-10-11 21:04:26,742 INFO  [restartedMain] org.springframework.security.web.DefaultSecurityFilterChain:Will not secure Ant [pattern='/swagger-ui.html']
2022-10-11 21:04:26,742 WARN  [restartedMain] org.springframework.security.config.annotation.web.builders.WebSecurity:You are asking Spring Security to ignore Ant [pattern='/swagger-ui/**']. This is not recommended -- please use permitAll via HttpSecurity#authorizeHttpRequests instead.
2022-10-11 21:04:26,743 INFO  [restartedMain] org.springframework.security.web.DefaultSecurityFilterChain:Will not secure Ant [pattern='/swagger-ui/**']
2022-10-11 21:04:26,743 WARN  [restartedMain] org.springframework.security.config.annotation.web.builders.WebSecurity:You are asking Spring Security to ignore Ant [pattern='/']. This is not recommended -- please use permitAll via HttpSecurity#authorizeHttpRequests instead.
2022-10-11 21:04:26,743 INFO  [restartedMain] org.springframework.security.web.DefaultSecurityFilterChain:Will not secure Ant [pattern='/']
2022-10-11 21:04:26,743 WARN  [restartedMain] org.springframework.security.config.annotation.web.builders.WebSecurity:You are asking Spring Security to ignore Ant [pattern='index.html']. This is not recommended -- please use permitAll via HttpSecurity#authorizeHttpRequests instead.
2022-10-11 21:04:26,743 INFO  [restartedMain] org.springframework.security.web.DefaultSecurityFilterChain:Will not secure Ant [pattern='index.html']
2022-10-11 21:04:26,744 WARN  [restartedMain] org.springframework.security.config.annotation.web.builders.WebSecurity:You are asking Spring Security to ignore Ant [pattern='/images/**']. This is not recommended -- please use permitAll via HttpSecurity#authorizeHttpRequests instead.
2022-10-11 21:04:26,744 INFO  [restartedMain] org.springframework.security.web.DefaultSecurityFilterChain:Will not secure Ant [pattern='/images/**']
2022-10-11 21:04:26,777 INFO  [restartedMain] org.springframework.security.web.DefaultSecurityFilterChain:Will secure any request with [org.springframework.security.web.context.request.async.WebAsyncManagerIntegrationFilter@2104bb28, org.springframework.security.web.context.SecurityContextPersistenceFilter@66199bc6, org.springframework.security.web.header.HeaderWriterFilter@3d6bc144, org.springframework.security.web.authentication.logout.LogoutFilter@5cb634f2, com.hillrent.security.jwt.AuthTokenFilter@89316a0, org.springframework.security.web.savedrequest.RequestCacheAwareFilter@3addf92, org.springframework.security.web.servletapi.SecurityContextHolderAwareRequestFilter@725fc43f, org.springframework.security.web.authentication.AnonymousAuthenticationFilter@5232e592, org.springframework.security.web.session.SessionManagementFilter@779ea7df, org.springframework.security.web.access.ExceptionTranslationFilter@74f7696b, org.springframework.security.web.access.intercept.FilterSecurityInterceptor@48da9472]
2022-10-11 21:04:27,048 INFO  [restartedMain] org.springframework.boot.autoconfigure.web.servlet.WelcomePageHandlerMapping:Adding welcome page: class path resource [static/index.html]
2022-10-11 21:04:28,096 INFO  [restartedMain] org.springframework.boot.devtools.autoconfigure.OptionalLiveReloadServer:LiveReload server is running on port 35729
2022-10-11 21:04:28,104 INFO  [restartedMain] org.springframework.boot.actuate.endpoint.web.EndpointLinksResolver:Exposing 1 endpoint(s) beneath base path '/actuator'
2022-10-11 21:04:28,184 INFO  [restartedMain] org.springframework.boot.web.embedded.tomcat.TomcatWebServer:Tomcat started on port(s): 8080 (http) with context path ''
2022-10-11 21:04:28,203 INFO  [restartedMain] com.hillrent.HillRentApplication:Started HillRentApplication in 6.894 seconds (JVM running for 7.721)
2022-10-11 21:04:43,172 INFO  [RMI TCP Connection(2)-127.0.0.1] org.springframework.boot.admin.SpringApplicationAdminMXBeanRegistrar$SpringApplicationAdmin:Application shutdown requested.
2022-10-11 21:04:43,197 INFO  [RMI TCP Connection(2)-127.0.0.1] org.springframework.orm.jpa.LocalContainerEntityManagerFactoryBean:Closing JPA EntityManagerFactory for persistence unit 'default'
2022-10-11 21:04:43,201 INFO  [RMI TCP Connection(2)-127.0.0.1] com.zaxxer.hikari.HikariDataSource:HikariPool-1 - Shutdown initiated...
2022-10-11 21:04:43,204 INFO  [RMI TCP Connection(2)-127.0.0.1] com.zaxxer.hikari.HikariDataSource:HikariPool-1 - Shutdown completed.
2022-10-11 21:04:48,147 INFO  [restartedMain] com.hillrent.HillRentApplication:Starting HillRentApplication using Java 17.0.2 on Cihangir with PID 11268 (C:\Users\a\IdeaProjects\PROJECTS\HillRent\target\classes started by a in C:\Users\a\IdeaProjects\PROJECTS\HillRent)
2022-10-11 21:04:48,148 DEBUG [restartedMain] com.hillrent.HillRentApplication:Running with Spring Boot v2.6.9, Spring v5.3.21
2022-10-11 21:04:48,149 INFO  [restartedMain] com.hillrent.HillRentApplication:No active profile set, falling back to 1 default profile: "default"
2022-10-11 21:04:48,204 INFO  [restartedMain] org.springframework.boot.devtools.env.DevToolsPropertyDefaultsPostProcessor:Devtools property defaults active! Set 'spring.devtools.add-properties' to 'false' to disable
2022-10-11 21:04:48,204 INFO  [restartedMain] org.springframework.boot.devtools.env.DevToolsPropertyDefaultsPostProcessor:For additional web related logging consider setting the 'logging.level.web' property to 'DEBUG'
2022-10-11 21:04:49,522 INFO  [restartedMain] org.springframework.data.repository.config.RepositoryConfigurationDelegate:Bootstrapping Spring Data JPA repositories in DEFAULT mode.
2022-10-11 21:04:49,618 INFO  [restartedMain] org.springframework.data.repository.config.RepositoryConfigurationDelegate:Finished Spring Data repository scanning in 87 ms. Found 6 JPA repository interfaces.
2022-10-11 21:04:50,357 INFO  [restartedMain] org.springframework.boot.web.embedded.tomcat.TomcatWebServer:Tomcat initialized with port(s): 8080 (http)
2022-10-11 21:04:50,373 INFO  [restartedMain] org.apache.catalina.core.StandardService:Starting service [Tomcat]
2022-10-11 21:04:50,374 INFO  [restartedMain] org.apache.catalina.core.StandardEngine:Starting Servlet engine: [Apache Tomcat/9.0.64]
2022-10-11 21:04:50,475 INFO  [restartedMain] org.apache.catalina.core.ContainerBase.[Tomcat].[localhost].[/]:Initializing Spring embedded WebApplicationContext
2022-10-11 21:04:50,476 INFO  [restartedMain] org.springframework.boot.web.servlet.context.ServletWebServerApplicationContext:Root WebApplicationContext: initialization completed in 2271 ms
2022-10-11 21:04:50,808 INFO  [restartedMain] org.hibernate.jpa.internal.util.LogHelper:HHH000204: Processing PersistenceUnitInfo [name: default]
2022-10-11 21:04:50,868 INFO  [restartedMain] org.hibernate.Version:HHH000412: Hibernate ORM core version 5.6.9.Final
2022-10-11 21:04:51,057 INFO  [restartedMain] org.hibernate.annotations.common.Version:HCANN000001: Hibernate Commons Annotations {5.1.2.Final}
2022-10-11 21:04:51,177 INFO  [restartedMain] com.zaxxer.hikari.HikariDataSource:HikariPool-1 - Starting...
2022-10-11 21:04:51,377 INFO  [restartedMain] com.zaxxer.hikari.HikariDataSource:HikariPool-1 - Start completed.
2022-10-11 21:04:51,397 INFO  [restartedMain] org.hibernate.dialect.Dialect:HHH000400: Using dialect: org.hibernate.dialect.PostgreSQLDialect
2022-10-11 21:04:52,455 INFO  [restartedMain] org.hibernate.engine.transaction.jta.platform.internal.JtaPlatformInitiator:HHH000490: Using JtaPlatform implementation: [org.hibernate.engine.transaction.jta.platform.internal.NoJtaPlatform]
2022-10-11 21:04:52,465 INFO  [restartedMain] org.springframework.orm.jpa.LocalContainerEntityManagerFactoryBean:Initialized JPA EntityManagerFactory for persistence unit 'default'
2022-10-11 21:04:53,058 WARN  [restartedMain] org.springframework.boot.autoconfigure.orm.jpa.JpaBaseConfiguration$JpaWebConfiguration:spring.jpa.open-in-view is enabled by default. Therefore, database queries may be performed during view rendering. Explicitly configure spring.jpa.open-in-view to disable this warning
2022-10-11 21:04:53,145 DEBUG [restartedMain] com.hillrent.security.jwt.AuthTokenFilter:Filter 'authenticationJwtTokenFilter' configured for use
2022-10-11 21:04:53,559 WARN  [restartedMain] org.springframework.security.config.annotation.web.builders.WebSecurity:You are asking Spring Security to ignore Ant [pattern='/v3/api-docs/**']. This is not recommended -- please use permitAll via HttpSecurity#authorizeHttpRequests instead.
2022-10-11 21:04:53,559 INFO  [restartedMain] org.springframework.security.web.DefaultSecurityFilterChain:Will not secure Ant [pattern='/v3/api-docs/**']
2022-10-11 21:04:53,560 WARN  [restartedMain] org.springframework.security.config.annotation.web.builders.WebSecurity:You are asking Spring Security to ignore Ant [pattern='/swagger-ui.html']. This is not recommended -- please use permitAll via HttpSecurity#authorizeHttpRequests instead.
2022-10-11 21:04:53,560 INFO  [restartedMain] org.springframework.security.web.DefaultSecurityFilterChain:Will not secure Ant [pattern='/swagger-ui.html']
2022-10-11 21:04:53,560 WARN  [restartedMain] org.springframework.security.config.annotation.web.builders.WebSecurity:You are asking Spring Security to ignore Ant [pattern='/swagger-ui/**']. This is not recommended -- please use permitAll via HttpSecurity#authorizeHttpRequests instead.
2022-10-11 21:04:53,560 INFO  [restartedMain] org.springframework.security.web.DefaultSecurityFilterChain:Will not secure Ant [pattern='/swagger-ui/**']
2022-10-11 21:04:53,561 WARN  [restartedMain] org.springframework.security.config.annotation.web.builders.WebSecurity:You are asking Spring Security to ignore Ant [pattern='/']. This is not recommended -- please use permitAll via HttpSecurity#authorizeHttpRequests instead.
2022-10-11 21:04:53,561 INFO  [restartedMain] org.springframework.security.web.DefaultSecurityFilterChain:Will not secure Ant [pattern='/']
2022-10-11 21:04:53,561 WARN  [restartedMain] org.springframework.security.config.annotation.web.builders.WebSecurity:You are asking Spring Security to ignore Ant [pattern='index.html']. This is not recommended -- please use permitAll via HttpSecurity#authorizeHttpRequests instead.
2022-10-11 21:04:53,561 INFO  [restartedMain] org.springframework.security.web.DefaultSecurityFilterChain:Will not secure Ant [pattern='index.html']
2022-10-11 21:04:53,561 WARN  [restartedMain] org.springframework.security.config.annotation.web.builders.WebSecurity:You are asking Spring Security to ignore Ant [pattern='/images/**']. This is not recommended -- please use permitAll via HttpSecurity#authorizeHttpRequests instead.
2022-10-11 21:04:53,561 INFO  [restartedMain] org.springframework.security.web.DefaultSecurityFilterChain:Will not secure Ant [pattern='/images/**']
2022-10-11 21:04:53,597 INFO  [restartedMain] org.springframework.security.web.DefaultSecurityFilterChain:Will secure any request with [org.springframework.security.web.context.request.async.WebAsyncManagerIntegrationFilter@55b8b6b, org.springframework.security.web.context.SecurityContextPersistenceFilter@1a93ce50, org.springframework.security.web.header.HeaderWriterFilter@29222d87, org.springframework.security.web.authentication.logout.LogoutFilter@2d3802a7, com.hillrent.security.jwt.AuthTokenFilter@18415ad6, org.springframework.security.web.savedrequest.RequestCacheAwareFilter@27248295, org.springframework.security.web.servletapi.SecurityContextHolderAwareRequestFilter@f91c4fc, org.springframework.security.web.authentication.AnonymousAuthenticationFilter@6ce9bd44, org.springframework.security.web.session.SessionManagementFilter@c6f0306, org.springframework.security.web.access.ExceptionTranslationFilter@37440a96, org.springframework.security.web.access.intercept.FilterSecurityInterceptor@407592e2]
2022-10-11 21:04:53,907 INFO  [restartedMain] org.springframework.boot.autoconfigure.web.servlet.WelcomePageHandlerMapping:Adding welcome page: class path resource [static/index.html]
2022-10-11 21:04:54,974 INFO  [restartedMain] org.springframework.boot.devtools.autoconfigure.OptionalLiveReloadServer:LiveReload server is running on port 35729
2022-10-11 21:04:54,980 INFO  [restartedMain] org.springframework.boot.actuate.endpoint.web.EndpointLinksResolver:Exposing 1 endpoint(s) beneath base path '/actuator'
2022-10-11 21:04:55,069 INFO  [restartedMain] org.springframework.boot.web.embedded.tomcat.TomcatWebServer:Tomcat started on port(s): 8080 (http) with context path ''
2022-10-11 21:04:55,090 INFO  [restartedMain] com.hillrent.HillRentApplication:Started HillRentApplication in 7.455 seconds (JVM running for 8.351)
2022-10-11 21:14:44,599 INFO  [Thread-5] org.springframework.orm.jpa.LocalContainerEntityManagerFactoryBean:Closing JPA EntityManagerFactory for persistence unit 'default'
2022-10-11 21:14:44,604 INFO  [Thread-5] com.zaxxer.hikari.HikariDataSource:HikariPool-1 - Shutdown initiated...
2022-10-11 21:14:44,608 INFO  [Thread-5] com.zaxxer.hikari.HikariDataSource:HikariPool-1 - Shutdown completed.
2022-10-11 21:14:44,725 INFO  [restartedMain] com.hillrent.HillRentApplication:Starting HillRentApplication using Java 17.0.2 on Cihangir with PID 11268 (C:\Users\a\IdeaProjects\PROJECTS\HillRent\target\classes started by a in C:\Users\a\IdeaProjects\PROJECTS\HillRent)
2022-10-11 21:14:44,726 DEBUG [restartedMain] com.hillrent.HillRentApplication:Running with Spring Boot v2.6.9, Spring v5.3.21
2022-10-11 21:14:44,726 INFO  [restartedMain] com.hillrent.HillRentApplication:No active profile set, falling back to 1 default profile: "default"
2022-10-11 21:14:45,152 INFO  [restartedMain] org.springframework.data.repository.config.RepositoryConfigurationDelegate:Bootstrapping Spring Data JPA repositories in DEFAULT mode.
2022-10-11 21:14:45,200 INFO  [restartedMain] org.springframework.data.repository.config.RepositoryConfigurationDelegate:Finished Spring Data repository scanning in 46 ms. Found 6 JPA repository interfaces.
2022-10-11 21:14:45,373 INFO  [restartedMain] org.springframework.boot.web.embedded.tomcat.TomcatWebServer:Tomcat initialized with port(s): 8080 (http)
2022-10-11 21:14:45,374 INFO  [restartedMain] org.apache.catalina.core.StandardService:Starting service [Tomcat]
2022-10-11 21:14:45,374 INFO  [restartedMain] org.apache.catalina.core.StandardEngine:Starting Servlet engine: [Apache Tomcat/9.0.64]
2022-10-11 21:14:45,402 INFO  [restartedMain] org.apache.catalina.core.ContainerBase.[Tomcat].[localhost].[/]:Initializing Spring embedded WebApplicationContext
2022-10-11 21:14:45,402 INFO  [restartedMain] org.springframework.boot.web.servlet.context.ServletWebServerApplicationContext:Root WebApplicationContext: initialization completed in 673 ms
2022-10-11 21:14:45,517 INFO  [restartedMain] org.hibernate.jpa.internal.util.LogHelper:HHH000204: Processing PersistenceUnitInfo [name: default]
2022-10-11 21:14:45,527 INFO  [restartedMain] com.zaxxer.hikari.HikariDataSource:HikariPool-2 - Starting...
2022-10-11 21:14:45,705 INFO  [restartedMain] com.zaxxer.hikari.HikariDataSource:HikariPool-2 - Start completed.
2022-10-11 21:14:45,705 INFO  [restartedMain] org.hibernate.dialect.Dialect:HHH000400: Using dialect: org.hibernate.dialect.PostgreSQLDialect
2022-10-11 21:14:45,916 INFO  [restartedMain] org.hibernate.engine.transaction.jta.platform.internal.JtaPlatformInitiator:HHH000490: Using JtaPlatform implementation: [org.hibernate.engine.transaction.jta.platform.internal.NoJtaPlatform]
2022-10-11 21:14:45,917 INFO  [restartedMain] org.springframework.orm.jpa.LocalContainerEntityManagerFactoryBean:Initialized JPA EntityManagerFactory for persistence unit 'default'
2022-10-11 21:14:46,104 WARN  [restartedMain] org.springframework.boot.autoconfigure.orm.jpa.JpaBaseConfiguration$JpaWebConfiguration:spring.jpa.open-in-view is enabled by default. Therefore, database queries may be performed during view rendering. Explicitly configure spring.jpa.open-in-view to disable this warning
2022-10-11 21:14:46,147 DEBUG [restartedMain] com.hillrent.security.jwt.AuthTokenFilter:Filter 'authenticationJwtTokenFilter' configured for use
2022-10-11 21:14:46,410 WARN  [restartedMain] org.springframework.security.config.annotation.web.builders.WebSecurity:You are asking Spring Security to ignore Ant [pattern='/v3/api-docs/**']. This is not recommended -- please use permitAll via HttpSecurity#authorizeHttpRequests instead.
2022-10-11 21:14:46,410 INFO  [restartedMain] org.springframework.security.web.DefaultSecurityFilterChain:Will not secure Ant [pattern='/v3/api-docs/**']
2022-10-11 21:14:46,410 WARN  [restartedMain] org.springframework.security.config.annotation.web.builders.WebSecurity:You are asking Spring Security to ignore Ant [pattern='/swagger-ui.html']. This is not recommended -- please use permitAll via HttpSecurity#authorizeHttpRequests instead.
2022-10-11 21:14:46,410 INFO  [restartedMain] org.springframework.security.web.DefaultSecurityFilterChain:Will not secure Ant [pattern='/swagger-ui.html']
2022-10-11 21:14:46,410 WARN  [restartedMain] org.springframework.security.config.annotation.web.builders.WebSecurity:You are asking Spring Security to ignore Ant [pattern='/swagger-ui/**']. This is not recommended -- please use permitAll via HttpSecurity#authorizeHttpRequests instead.
2022-10-11 21:14:46,411 INFO  [restartedMain] org.springframework.security.web.DefaultSecurityFilterChain:Will not secure Ant [pattern='/swagger-ui/**']
2022-10-11 21:14:46,411 WARN  [restartedMain] org.springframework.security.config.annotation.web.builders.WebSecurity:You are asking Spring Security to ignore Ant [pattern='/']. This is not recommended -- please use permitAll via HttpSecurity#authorizeHttpRequests instead.
2022-10-11 21:14:46,411 INFO  [restartedMain] org.springframework.security.web.DefaultSecurityFilterChain:Will not secure Ant [pattern='/']
2022-10-11 21:14:46,411 WARN  [restartedMain] org.springframework.security.config.annotation.web.builders.WebSecurity:You are asking Spring Security to ignore Ant [pattern='index.html']. This is not recommended -- please use permitAll via HttpSecurity#authorizeHttpRequests instead.
2022-10-11 21:14:46,411 INFO  [restartedMain] org.springframework.security.web.DefaultSecurityFilterChain:Will not secure Ant [pattern='index.html']
2022-10-11 21:14:46,411 WARN  [restartedMain] org.springframework.security.config.annotation.web.builders.WebSecurity:You are asking Spring Security to ignore Ant [pattern='/images/**']. This is not recommended -- please use permitAll via HttpSecurity#authorizeHttpRequests instead.
2022-10-11 21:14:46,411 INFO  [restartedMain] org.springframework.security.web.DefaultSecurityFilterChain:Will not secure Ant [pattern='/images/**']
2022-10-11 21:14:46,427 INFO  [restartedMain] org.springframework.security.web.DefaultSecurityFilterChain:Will secure any request with [org.springframework.security.web.context.request.async.WebAsyncManagerIntegrationFilter@6c6c7f91, org.springframework.security.web.context.SecurityContextPersistenceFilter@11915ff7, org.springframework.security.web.header.HeaderWriterFilter@129248dc, org.springframework.security.web.authentication.logout.LogoutFilter@54d41a20, com.hillrent.security.jwt.AuthTokenFilter@236931cb, org.springframework.security.web.savedrequest.RequestCacheAwareFilter@1b2f22ca, org.springframework.security.web.servletapi.SecurityContextHolderAwareRequestFilter@1b7b5ddb, org.springframework.security.web.authentication.AnonymousAuthenticationFilter@9c6ac1e, org.springframework.security.web.session.SessionManagementFilter@13a4a270, org.springframework.security.web.access.ExceptionTranslationFilter@7deefb54, org.springframework.security.web.access.intercept.FilterSecurityInterceptor@221c08de]
2022-10-11 21:14:46,541 INFO  [restartedMain] org.springframework.boot.autoconfigure.web.servlet.WelcomePageHandlerMapping:Adding welcome page: class path resource [static/index.html]
2022-10-11 21:14:47,247 INFO  [restartedMain] org.springframework.boot.devtools.autoconfigure.OptionalLiveReloadServer:LiveReload server is running on port 35729
2022-10-11 21:14:47,252 INFO  [restartedMain] org.springframework.boot.actuate.endpoint.web.EndpointLinksResolver:Exposing 1 endpoint(s) beneath base path '/actuator'
2022-10-11 21:14:47,297 INFO  [restartedMain] org.springframework.boot.web.embedded.tomcat.TomcatWebServer:Tomcat started on port(s): 8080 (http) with context path ''
2022-10-11 21:14:47,308 INFO  [restartedMain] com.hillrent.HillRentApplication:Started HillRentApplication in 2.63 seconds (JVM running for 600.568)
2022-10-11 21:14:47,311 INFO  [restartedMain] org.springframework.boot.devtools.autoconfigure.ConditionEvaluationDeltaLoggingListener:Condition evaluation unchanged
2022-10-11 21:17:32,154 INFO  [Thread-7] org.springframework.orm.jpa.LocalContainerEntityManagerFactoryBean:Closing JPA EntityManagerFactory for persistence unit 'default'
2022-10-11 21:17:32,155 INFO  [Thread-7] com.zaxxer.hikari.HikariDataSource:HikariPool-2 - Shutdown initiated...
2022-10-11 21:17:32,157 INFO  [Thread-7] com.zaxxer.hikari.HikariDataSource:HikariPool-2 - Shutdown completed.
2022-10-11 21:17:32,260 INFO  [restartedMain] com.hillrent.HillRentApplication:Starting HillRentApplication using Java 17.0.2 on Cihangir with PID 11268 (C:\Users\a\IdeaProjects\PROJECTS\HillRent\target\classes started by a in C:\Users\a\IdeaProjects\PROJECTS\HillRent)
2022-10-11 21:17:32,260 DEBUG [restartedMain] com.hillrent.HillRentApplication:Running with Spring Boot v2.6.9, Spring v5.3.21
2022-10-11 21:17:32,261 INFO  [restartedMain] com.hillrent.HillRentApplication:No active profile set, falling back to 1 default profile: "default"
2022-10-11 21:17:32,629 INFO  [restartedMain] org.springframework.data.repository.config.RepositoryConfigurationDelegate:Bootstrapping Spring Data JPA repositories in DEFAULT mode.
2022-10-11 21:17:32,666 INFO  [restartedMain] org.springframework.data.repository.config.RepositoryConfigurationDelegate:Finished Spring Data repository scanning in 36 ms. Found 6 JPA repository interfaces.
2022-10-11 21:17:32,777 INFO  [restartedMain] org.springframework.boot.web.embedded.tomcat.TomcatWebServer:Tomcat initialized with port(s): 8080 (http)
2022-10-11 21:17:32,778 INFO  [restartedMain] org.apache.catalina.core.StandardService:Starting service [Tomcat]
2022-10-11 21:17:32,778 INFO  [restartedMain] org.apache.catalina.core.StandardEngine:Starting Servlet engine: [Apache Tomcat/9.0.64]
2022-10-11 21:17:32,802 INFO  [restartedMain] org.apache.catalina.core.ContainerBase.[Tomcat].[localhost].[/]:Initializing Spring embedded WebApplicationContext
2022-10-11 21:17:32,803 INFO  [restartedMain] org.springframework.boot.web.servlet.context.ServletWebServerApplicationContext:Root WebApplicationContext: initialization completed in 540 ms
2022-10-11 21:17:32,887 INFO  [restartedMain] org.hibernate.jpa.internal.util.LogHelper:HHH000204: Processing PersistenceUnitInfo [name: default]
2022-10-11 21:17:32,894 INFO  [restartedMain] com.zaxxer.hikari.HikariDataSource:HikariPool-3 - Starting...
2022-10-11 21:17:32,960 INFO  [restartedMain] com.zaxxer.hikari.HikariDataSource:HikariPool-3 - Start completed.
2022-10-11 21:17:32,960 INFO  [restartedMain] org.hibernate.dialect.Dialect:HHH000400: Using dialect: org.hibernate.dialect.PostgreSQLDialect
2022-10-11 21:17:33,171 INFO  [restartedMain] org.hibernate.engine.transaction.jta.platform.internal.JtaPlatformInitiator:HHH000490: Using JtaPlatform implementation: [org.hibernate.engine.transaction.jta.platform.internal.NoJtaPlatform]
2022-10-11 21:17:33,172 INFO  [restartedMain] org.springframework.orm.jpa.LocalContainerEntityManagerFactoryBean:Initialized JPA EntityManagerFactory for persistence unit 'default'
2022-10-11 21:17:33,343 WARN  [restartedMain] org.springframework.boot.autoconfigure.orm.jpa.JpaBaseConfiguration$JpaWebConfiguration:spring.jpa.open-in-view is enabled by default. Therefore, database queries may be performed during view rendering. Explicitly configure spring.jpa.open-in-view to disable this warning
2022-10-11 21:17:33,382 DEBUG [restartedMain] com.hillrent.security.jwt.AuthTokenFilter:Filter 'authenticationJwtTokenFilter' configured for use
2022-10-11 21:17:33,641 WARN  [restartedMain] org.springframework.security.config.annotation.web.builders.WebSecurity:You are asking Spring Security to ignore Ant [pattern='/v3/api-docs/**']. This is not recommended -- please use permitAll via HttpSecurity#authorizeHttpRequests instead.
2022-10-11 21:17:33,641 INFO  [restartedMain] org.springframework.security.web.DefaultSecurityFilterChain:Will not secure Ant [pattern='/v3/api-docs/**']
2022-10-11 21:17:33,642 WARN  [restartedMain] org.springframework.security.config.annotation.web.builders.WebSecurity:You are asking Spring Security to ignore Ant [pattern='/swagger-ui.html']. This is not recommended -- please use permitAll via HttpSecurity#authorizeHttpRequests instead.
2022-10-11 21:17:33,642 INFO  [restartedMain] org.springframework.security.web.DefaultSecurityFilterChain:Will not secure Ant [pattern='/swagger-ui.html']
2022-10-11 21:17:33,642 WARN  [restartedMain] org.springframework.security.config.annotation.web.builders.WebSecurity:You are asking Spring Security to ignore Ant [pattern='/swagger-ui/**']. This is not recommended -- please use permitAll via HttpSecurity#authorizeHttpRequests instead.
2022-10-11 21:17:33,642 INFO  [restartedMain] org.springframework.security.web.DefaultSecurityFilterChain:Will not secure Ant [pattern='/swagger-ui/**']
2022-10-11 21:17:33,642 WARN  [restartedMain] org.springframework.security.config.annotation.web.builders.WebSecurity:You are asking Spring Security to ignore Ant [pattern='/']. This is not recommended -- please use permitAll via HttpSecurity#authorizeHttpRequests instead.
2022-10-11 21:17:33,642 INFO  [restartedMain] org.springframework.security.web.DefaultSecurityFilterChain:Will not secure Ant [pattern='/']
2022-10-11 21:17:33,643 WARN  [restartedMain] org.springframework.security.config.annotation.web.builders.WebSecurity:You are asking Spring Security to ignore Ant [pattern='index.html']. This is not recommended -- please use permitAll via HttpSecurity#authorizeHttpRequests instead.
2022-10-11 21:17:33,643 INFO  [restartedMain] org.springframework.security.web.DefaultSecurityFilterChain:Will not secure Ant [pattern='index.html']
2022-10-11 21:17:33,643 WARN  [restartedMain] org.springframework.security.config.annotation.web.builders.WebSecurity:You are asking Spring Security to ignore Ant [pattern='/images/**']. This is not recommended -- please use permitAll via HttpSecurity#authorizeHttpRequests instead.
2022-10-11 21:17:33,643 INFO  [restartedMain] org.springframework.security.web.DefaultSecurityFilterChain:Will not secure Ant [pattern='/images/**']
2022-10-11 21:17:33,662 INFO  [restartedMain] org.springframework.security.web.DefaultSecurityFilterChain:Will secure any request with [org.springframework.security.web.context.request.async.WebAsyncManagerIntegrationFilter@1193e398, org.springframework.security.web.context.SecurityContextPersistenceFilter@69282679, org.springframework.security.web.header.HeaderWriterFilter@20cbc248, org.springframework.security.web.authentication.logout.LogoutFilter@4922258b, com.hillrent.security.jwt.AuthTokenFilter@6df0da91, org.springframework.security.web.savedrequest.RequestCacheAwareFilter@159663ba, org.springframework.security.web.servletapi.SecurityContextHolderAwareRequestFilter@6bb13ac2, org.springframework.security.web.authentication.AnonymousAuthenticationFilter@56437e44, org.springframework.security.web.session.SessionManagementFilter@a60095b, org.springframework.security.web.access.ExceptionTranslationFilter@7391ea6c, org.springframework.security.web.access.intercept.FilterSecurityInterceptor@7980e20e]
2022-10-11 21:17:33,759 INFO  [restartedMain] org.springframework.boot.autoconfigure.web.servlet.WelcomePageHandlerMapping:Adding welcome page: class path resource [static/index.html]
2022-10-11 21:17:34,348 INFO  [restartedMain] org.springframework.boot.devtools.autoconfigure.OptionalLiveReloadServer:LiveReload server is running on port 35729
2022-10-11 21:17:34,352 INFO  [restartedMain] org.springframework.boot.actuate.endpoint.web.EndpointLinksResolver:Exposing 1 endpoint(s) beneath base path '/actuator'
2022-10-11 21:17:34,390 INFO  [restartedMain] org.springframework.boot.web.embedded.tomcat.TomcatWebServer:Tomcat started on port(s): 8080 (http) with context path ''
2022-10-11 21:17:34,399 INFO  [restartedMain] com.hillrent.HillRentApplication:Started HillRentApplication in 2.176 seconds (JVM running for 767.659)
2022-10-11 21:17:34,402 INFO  [restartedMain] org.springframework.boot.devtools.autoconfigure.ConditionEvaluationDeltaLoggingListener:Condition evaluation unchanged
2022-10-11 21:17:39,640 INFO  [RMI TCP Connection(17)-127.0.0.1] org.springframework.boot.admin.SpringApplicationAdminMXBeanRegistrar$SpringApplicationAdmin:Application shutdown requested.
2022-10-11 21:17:39,656 INFO  [RMI TCP Connection(17)-127.0.0.1] org.springframework.orm.jpa.LocalContainerEntityManagerFactoryBean:Closing JPA EntityManagerFactory for persistence unit 'default'
2022-10-11 21:17:39,657 INFO  [RMI TCP Connection(17)-127.0.0.1] com.zaxxer.hikari.HikariDataSource:HikariPool-3 - Shutdown initiated...
2022-10-11 21:17:39,659 INFO  [RMI TCP Connection(17)-127.0.0.1] com.zaxxer.hikari.HikariDataSource:HikariPool-3 - Shutdown completed.
2022-10-11 21:19:53,367 INFO  [restartedMain] com.hillrent.HillRentApplication:Starting HillRentApplication using Java 17.0.2 on Cihangir with PID 13244 (C:\Users\a\IdeaProjects\PROJECTS\HillRent\target\classes started by a in C:\Users\a\IdeaProjects\PROJECTS\HillRent)
2022-10-11 21:19:53,368 DEBUG [restartedMain] com.hillrent.HillRentApplication:Running with Spring Boot v2.6.9, Spring v5.3.21
2022-10-11 21:19:53,368 INFO  [restartedMain] com.hillrent.HillRentApplication:No active profile set, falling back to 1 default profile: "default"
2022-10-11 21:19:53,418 INFO  [restartedMain] org.springframework.boot.devtools.env.DevToolsPropertyDefaultsPostProcessor:Devtools property defaults active! Set 'spring.devtools.add-properties' to 'false' to disable
2022-10-11 21:19:53,418 INFO  [restartedMain] org.springframework.boot.devtools.env.DevToolsPropertyDefaultsPostProcessor:For additional web related logging consider setting the 'logging.level.web' property to 'DEBUG'
2022-10-11 21:19:54,600 INFO  [restartedMain] org.springframework.data.repository.config.RepositoryConfigurationDelegate:Bootstrapping Spring Data JPA repositories in DEFAULT mode.
2022-10-11 21:19:54,700 INFO  [restartedMain] org.springframework.data.repository.config.RepositoryConfigurationDelegate:Finished Spring Data repository scanning in 89 ms. Found 6 JPA repository interfaces.
2022-10-11 21:19:55,411 INFO  [restartedMain] org.springframework.boot.web.embedded.tomcat.TomcatWebServer:Tomcat initialized with port(s): 8080 (http)
2022-10-11 21:19:55,421 INFO  [restartedMain] org.apache.catalina.core.StandardService:Starting service [Tomcat]
2022-10-11 21:19:55,422 INFO  [restartedMain] org.apache.catalina.core.StandardEngine:Starting Servlet engine: [Apache Tomcat/9.0.64]
2022-10-11 21:19:55,511 INFO  [restartedMain] org.apache.catalina.core.ContainerBase.[Tomcat].[localhost].[/]:Initializing Spring embedded WebApplicationContext
2022-10-11 21:19:55,511 INFO  [restartedMain] org.springframework.boot.web.servlet.context.ServletWebServerApplicationContext:Root WebApplicationContext: initialization completed in 2092 ms
2022-10-11 21:19:55,792 INFO  [restartedMain] org.hibernate.jpa.internal.util.LogHelper:HHH000204: Processing PersistenceUnitInfo [name: default]
2022-10-11 21:19:55,847 INFO  [restartedMain] org.hibernate.Version:HHH000412: Hibernate ORM core version 5.6.9.Final
2022-10-11 21:19:56,027 INFO  [restartedMain] org.hibernate.annotations.common.Version:HCANN000001: Hibernate Commons Annotations {5.1.2.Final}
2022-10-11 21:19:56,137 INFO  [restartedMain] com.zaxxer.hikari.HikariDataSource:HikariPool-1 - Starting...
2022-10-11 21:19:56,432 INFO  [restartedMain] com.zaxxer.hikari.HikariDataSource:HikariPool-1 - Start completed.
2022-10-11 21:19:56,452 INFO  [restartedMain] org.hibernate.dialect.Dialect:HHH000400: Using dialect: org.hibernate.dialect.PostgreSQLDialect
2022-10-11 21:19:57,426 INFO  [restartedMain] org.hibernate.engine.transaction.jta.platform.internal.JtaPlatformInitiator:HHH000490: Using JtaPlatform implementation: [org.hibernate.engine.transaction.jta.platform.internal.NoJtaPlatform]
2022-10-11 21:19:57,436 INFO  [restartedMain] org.springframework.orm.jpa.LocalContainerEntityManagerFactoryBean:Initialized JPA EntityManagerFactory for persistence unit 'default'
2022-10-11 21:19:58,021 WARN  [restartedMain] org.springframework.boot.autoconfigure.orm.jpa.JpaBaseConfiguration$JpaWebConfiguration:spring.jpa.open-in-view is enabled by default. Therefore, database queries may be performed during view rendering. Explicitly configure spring.jpa.open-in-view to disable this warning
2022-10-11 21:19:58,094 DEBUG [restartedMain] com.hillrent.security.jwt.AuthTokenFilter:Filter 'authenticationJwtTokenFilter' configured for use
2022-10-11 21:19:58,475 WARN  [restartedMain] org.springframework.security.config.annotation.web.builders.WebSecurity:You are asking Spring Security to ignore Ant [pattern='/v3/api-docs/**']. This is not recommended -- please use permitAll via HttpSecurity#authorizeHttpRequests instead.
2022-10-11 21:19:58,476 INFO  [restartedMain] org.springframework.security.web.DefaultSecurityFilterChain:Will not secure Ant [pattern='/v3/api-docs/**']
2022-10-11 21:19:58,476 WARN  [restartedMain] org.springframework.security.config.annotation.web.builders.WebSecurity:You are asking Spring Security to ignore Ant [pattern='/swagger-ui.html']. This is not recommended -- please use permitAll via HttpSecurity#authorizeHttpRequests instead.
2022-10-11 21:19:58,476 INFO  [restartedMain] org.springframework.security.web.DefaultSecurityFilterChain:Will not secure Ant [pattern='/swagger-ui.html']
2022-10-11 21:19:58,477 WARN  [restartedMain] org.springframework.security.config.annotation.web.builders.WebSecurity:You are asking Spring Security to ignore Ant [pattern='/swagger-ui/**']. This is not recommended -- please use permitAll via HttpSecurity#authorizeHttpRequests instead.
2022-10-11 21:19:58,477 INFO  [restartedMain] org.springframework.security.web.DefaultSecurityFilterChain:Will not secure Ant [pattern='/swagger-ui/**']
2022-10-11 21:19:58,477 WARN  [restartedMain] org.springframework.security.config.annotation.web.builders.WebSecurity:You are asking Spring Security to ignore Ant [pattern='/']. This is not recommended -- please use permitAll via HttpSecurity#authorizeHttpRequests instead.
2022-10-11 21:19:58,477 INFO  [restartedMain] org.springframework.security.web.DefaultSecurityFilterChain:Will not secure Ant [pattern='/']
2022-10-11 21:19:58,477 WARN  [restartedMain] org.springframework.security.config.annotation.web.builders.WebSecurity:You are asking Spring Security to ignore Ant [pattern='index.html']. This is not recommended -- please use permitAll via HttpSecurity#authorizeHttpRequests instead.
2022-10-11 21:19:58,478 INFO  [restartedMain] org.springframework.security.web.DefaultSecurityFilterChain:Will not secure Ant [pattern='index.html']
2022-10-11 21:19:58,478 WARN  [restartedMain] org.springframework.security.config.annotation.web.builders.WebSecurity:You are asking Spring Security to ignore Ant [pattern='/images/**']. This is not recommended -- please use permitAll via HttpSecurity#authorizeHttpRequests instead.
2022-10-11 21:19:58,478 INFO  [restartedMain] org.springframework.security.web.DefaultSecurityFilterChain:Will not secure Ant [pattern='/images/**']
2022-10-11 21:19:58,511 INFO  [restartedMain] org.springframework.security.web.DefaultSecurityFilterChain:Will secure any request with [org.springframework.security.web.context.request.async.WebAsyncManagerIntegrationFilter@1ffdb107, org.springframework.security.web.context.SecurityContextPersistenceFilter@4c861520, org.springframework.security.web.header.HeaderWriterFilter@725fc43f, org.springframework.security.web.authentication.logout.LogoutFilter@57fef736, com.hillrent.security.jwt.AuthTokenFilter@3c5d87e7, org.springframework.security.web.savedrequest.RequestCacheAwareFilter@8983caa, org.springframework.security.web.servletapi.SecurityContextHolderAwareRequestFilter@27248295, org.springframework.security.web.authentication.AnonymousAuthenticationFilter@21fc92fd, org.springframework.security.web.session.SessionManagementFilter@7399a291, org.springframework.security.web.access.ExceptionTranslationFilter@1622e191, org.springframework.security.web.access.intercept.FilterSecurityInterceptor@247bc0fd]
2022-10-11 21:19:58,783 INFO  [restartedMain] org.springframework.boot.autoconfigure.web.servlet.WelcomePageHandlerMapping:Adding welcome page: class path resource [static/index.html]
2022-10-11 21:19:59,827 INFO  [restartedMain] org.springframework.boot.devtools.autoconfigure.OptionalLiveReloadServer:LiveReload server is running on port 35729
2022-10-11 21:19:59,836 INFO  [restartedMain] org.springframework.boot.actuate.endpoint.web.EndpointLinksResolver:Exposing 1 endpoint(s) beneath base path '/actuator'
2022-10-11 21:19:59,926 INFO  [restartedMain] org.springframework.boot.web.embedded.tomcat.TomcatWebServer:Tomcat started on port(s): 8080 (http) with context path ''
2022-10-11 21:19:59,946 INFO  [restartedMain] com.hillrent.HillRentApplication:Started HillRentApplication in 7.046 seconds (JVM running for 7.861)
2022-10-11 21:20:10,146 INFO  [RMI TCP Connection(2)-127.0.0.1] org.springframework.boot.admin.SpringApplicationAdminMXBeanRegistrar$SpringApplicationAdmin:Application shutdown requested.
2022-10-11 21:20:10,171 INFO  [RMI TCP Connection(2)-127.0.0.1] org.springframework.orm.jpa.LocalContainerEntityManagerFactoryBean:Closing JPA EntityManagerFactory for persistence unit 'default'
2022-10-11 21:20:10,173 INFO  [RMI TCP Connection(2)-127.0.0.1] com.zaxxer.hikari.HikariDataSource:HikariPool-1 - Shutdown initiated...
2022-10-11 21:20:10,176 INFO  [RMI TCP Connection(2)-127.0.0.1] com.zaxxer.hikari.HikariDataSource:HikariPool-1 - Shutdown completed.
2022-10-11 21:20:55,457 INFO  [restartedMain] com.hillrent.HillRentApplication:Starting HillRentApplication using Java 17.0.2 on Cihangir with PID 9104 (C:\Users\a\IdeaProjects\PROJECTS\HillRent\target\classes started by a in C:\Users\a\IdeaProjects\PROJECTS\HillRent)
2022-10-11 21:20:55,458 DEBUG [restartedMain] com.hillrent.HillRentApplication:Running with Spring Boot v2.6.9, Spring v5.3.21
2022-10-11 21:20:55,459 INFO  [restartedMain] com.hillrent.HillRentApplication:No active profile set, falling back to 1 default profile: "default"
2022-10-11 21:20:55,510 INFO  [restartedMain] org.springframework.boot.devtools.env.DevToolsPropertyDefaultsPostProcessor:Devtools property defaults active! Set 'spring.devtools.add-properties' to 'false' to disable
2022-10-11 21:20:55,510 INFO  [restartedMain] org.springframework.boot.devtools.env.DevToolsPropertyDefaultsPostProcessor:For additional web related logging consider setting the 'logging.level.web' property to 'DEBUG'
2022-10-11 21:20:56,743 INFO  [restartedMain] org.springframework.data.repository.config.RepositoryConfigurationDelegate:Bootstrapping Spring Data JPA repositories in DEFAULT mode.
2022-10-11 21:20:56,837 INFO  [restartedMain] org.springframework.data.repository.config.RepositoryConfigurationDelegate:Finished Spring Data repository scanning in 83 ms. Found 6 JPA repository interfaces.
2022-10-11 21:20:57,625 INFO  [restartedMain] org.springframework.boot.web.embedded.tomcat.TomcatWebServer:Tomcat initialized with port(s): 8080 (http)
2022-10-11 21:20:57,640 INFO  [restartedMain] org.apache.catalina.core.StandardService:Starting service [Tomcat]
2022-10-11 21:20:57,640 INFO  [restartedMain] org.apache.catalina.core.StandardEngine:Starting Servlet engine: [Apache Tomcat/9.0.64]
2022-10-11 21:20:57,746 INFO  [restartedMain] org.apache.catalina.core.ContainerBase.[Tomcat].[localhost].[/]:Initializing Spring embedded WebApplicationContext
2022-10-11 21:20:57,746 INFO  [restartedMain] org.springframework.boot.web.servlet.context.ServletWebServerApplicationContext:Root WebApplicationContext: initialization completed in 2235 ms
2022-10-11 21:20:58,059 INFO  [restartedMain] org.hibernate.jpa.internal.util.LogHelper:HHH000204: Processing PersistenceUnitInfo [name: default]
2022-10-11 21:20:58,116 INFO  [restartedMain] org.hibernate.Version:HHH000412: Hibernate ORM core version 5.6.9.Final
2022-10-11 21:20:58,300 INFO  [restartedMain] org.hibernate.annotations.common.Version:HCANN000001: Hibernate Commons Annotations {5.1.2.Final}
2022-10-11 21:20:58,409 INFO  [restartedMain] com.zaxxer.hikari.HikariDataSource:HikariPool-1 - Starting...
2022-10-11 21:20:58,588 INFO  [restartedMain] com.zaxxer.hikari.HikariDataSource:HikariPool-1 - Start completed.
2022-10-11 21:20:58,607 INFO  [restartedMain] org.hibernate.dialect.Dialect:HHH000400: Using dialect: org.hibernate.dialect.PostgreSQLDialect
2022-10-11 21:20:59,700 INFO  [restartedMain] org.hibernate.engine.transaction.jta.platform.internal.JtaPlatformInitiator:HHH000490: Using JtaPlatform implementation: [org.hibernate.engine.transaction.jta.platform.internal.NoJtaPlatform]
2022-10-11 21:20:59,711 INFO  [restartedMain] org.springframework.orm.jpa.LocalContainerEntityManagerFactoryBean:Initialized JPA EntityManagerFactory for persistence unit 'default'
2022-10-11 21:21:00,350 WARN  [restartedMain] org.springframework.boot.autoconfigure.orm.jpa.JpaBaseConfiguration$JpaWebConfiguration:spring.jpa.open-in-view is enabled by default. Therefore, database queries may be performed during view rendering. Explicitly configure spring.jpa.open-in-view to disable this warning
2022-10-11 21:21:00,424 DEBUG [restartedMain] com.hillrent.security.jwt.AuthTokenFilter:Filter 'authenticationJwtTokenFilter' configured for use
2022-10-11 21:21:00,860 WARN  [restartedMain] org.springframework.security.config.annotation.web.builders.WebSecurity:You are asking Spring Security to ignore Ant [pattern='/v3/api-docs/**']. This is not recommended -- please use permitAll via HttpSecurity#authorizeHttpRequests instead.
2022-10-11 21:21:00,860 INFO  [restartedMain] org.springframework.security.web.DefaultSecurityFilterChain:Will not secure Ant [pattern='/v3/api-docs/**']
2022-10-11 21:21:00,861 WARN  [restartedMain] org.springframework.security.config.annotation.web.builders.WebSecurity:You are asking Spring Security to ignore Ant [pattern='/swagger-ui.html']. This is not recommended -- please use permitAll via HttpSecurity#authorizeHttpRequests instead.
2022-10-11 21:21:00,861 INFO  [restartedMain] org.springframework.security.web.DefaultSecurityFilterChain:Will not secure Ant [pattern='/swagger-ui.html']
2022-10-11 21:21:00,861 WARN  [restartedMain] org.springframework.security.config.annotation.web.builders.WebSecurity:You are asking Spring Security to ignore Ant [pattern='/swagger-ui/**']. This is not recommended -- please use permitAll via HttpSecurity#authorizeHttpRequests instead.
2022-10-11 21:21:00,861 INFO  [restartedMain] org.springframework.security.web.DefaultSecurityFilterChain:Will not secure Ant [pattern='/swagger-ui/**']
2022-10-11 21:21:00,862 WARN  [restartedMain] org.springframework.security.config.annotation.web.builders.WebSecurity:You are asking Spring Security to ignore Ant [pattern='/']. This is not recommended -- please use permitAll via HttpSecurity#authorizeHttpRequests instead.
2022-10-11 21:21:00,862 INFO  [restartedMain] org.springframework.security.web.DefaultSecurityFilterChain:Will not secure Ant [pattern='/']
2022-10-11 21:21:00,862 WARN  [restartedMain] org.springframework.security.config.annotation.web.builders.WebSecurity:You are asking Spring Security to ignore Ant [pattern='index.html']. This is not recommended -- please use permitAll via HttpSecurity#authorizeHttpRequests instead.
2022-10-11 21:21:00,862 INFO  [restartedMain] org.springframework.security.web.DefaultSecurityFilterChain:Will not secure Ant [pattern='index.html']
2022-10-11 21:21:00,863 WARN  [restartedMain] org.springframework.security.config.annotation.web.builders.WebSecurity:You are asking Spring Security to ignore Ant [pattern='/images/**']. This is not recommended -- please use permitAll via HttpSecurity#authorizeHttpRequests instead.
2022-10-11 21:21:00,863 INFO  [restartedMain] org.springframework.security.web.DefaultSecurityFilterChain:Will not secure Ant [pattern='/images/**']
2022-10-11 21:21:00,905 INFO  [restartedMain] org.springframework.security.web.DefaultSecurityFilterChain:Will secure any request with [org.springframework.security.web.context.request.async.WebAsyncManagerIntegrationFilter@3866105b, org.springframework.security.web.context.SecurityContextPersistenceFilter@feab003, org.springframework.security.web.header.HeaderWriterFilter@5446fdb1, org.springframework.security.web.authentication.logout.LogoutFilter@1f1a0283, com.hillrent.security.jwt.AuthTokenFilter@286b2300, org.springframework.security.web.savedrequest.RequestCacheAwareFilter@5c86770a, org.springframework.security.web.servletapi.SecurityContextHolderAwareRequestFilter@8e347b7, org.springframework.security.web.authentication.AnonymousAuthenticationFilter@5d0e4f6e, org.springframework.security.web.session.SessionManagementFilter@5b3ad326, org.springframework.security.web.access.ExceptionTranslationFilter@1c3fbb84, org.springframework.security.web.access.intercept.FilterSecurityInterceptor@75b8a1ab]
2022-10-11 21:21:01,235 INFO  [restartedMain] org.springframework.boot.autoconfigure.web.servlet.WelcomePageHandlerMapping:Adding welcome page: class path resource [static/index.html]
2022-10-11 21:21:02,435 INFO  [restartedMain] org.springframework.boot.devtools.autoconfigure.OptionalLiveReloadServer:LiveReload server is running on port 35729
2022-10-11 21:21:02,445 INFO  [restartedMain] org.springframework.boot.actuate.endpoint.web.EndpointLinksResolver:Exposing 1 endpoint(s) beneath base path '/actuator'
2022-10-11 21:21:02,543 INFO  [restartedMain] org.springframework.boot.web.embedded.tomcat.TomcatWebServer:Tomcat started on port(s): 8080 (http) with context path ''
2022-10-11 21:21:02,569 INFO  [restartedMain] com.hillrent.HillRentApplication:Started HillRentApplication in 7.575 seconds (JVM running for 8.362)
2022-10-11 21:28:03,267 INFO  [Thread-5] org.springframework.orm.jpa.LocalContainerEntityManagerFactoryBean:Closing JPA EntityManagerFactory for persistence unit 'default'
2022-10-11 21:28:03,274 INFO  [Thread-5] com.zaxxer.hikari.HikariDataSource:HikariPool-1 - Shutdown initiated...
2022-10-11 21:28:03,279 INFO  [Thread-5] com.zaxxer.hikari.HikariDataSource:HikariPool-1 - Shutdown completed.
2022-10-11 21:30:36,914 INFO  [restartedMain] com.hillrent.HillRentApplication:Starting HillRentApplication using Java 17.0.2 on Cihangir with PID 8700 (C:\Users\a\IdeaProjects\PROJECTS\HillRent\target\classes started by a in C:\Users\a\IdeaProjects\PROJECTS\HillRent)
2022-10-11 21:30:36,914 DEBUG [restartedMain] com.hillrent.HillRentApplication:Running with Spring Boot v2.6.9, Spring v5.3.21
2022-10-11 21:30:36,915 INFO  [restartedMain] com.hillrent.HillRentApplication:No active profile set, falling back to 1 default profile: "default"
2022-10-11 21:30:36,966 INFO  [restartedMain] org.springframework.boot.devtools.env.DevToolsPropertyDefaultsPostProcessor:Devtools property defaults active! Set 'spring.devtools.add-properties' to 'false' to disable
2022-10-11 21:30:36,966 INFO  [restartedMain] org.springframework.boot.devtools.env.DevToolsPropertyDefaultsPostProcessor:For additional web related logging consider setting the 'logging.level.web' property to 'DEBUG'
2022-10-11 21:30:38,112 INFO  [restartedMain] org.springframework.data.repository.config.RepositoryConfigurationDelegate:Bootstrapping Spring Data JPA repositories in DEFAULT mode.
2022-10-11 21:30:38,204 INFO  [restartedMain] org.springframework.data.repository.config.RepositoryConfigurationDelegate:Finished Spring Data repository scanning in 81 ms. Found 6 JPA repository interfaces.
2022-10-11 21:30:38,922 INFO  [restartedMain] org.springframework.boot.web.embedded.tomcat.TomcatWebServer:Tomcat initialized with port(s): 8080 (http)
2022-10-11 21:30:38,933 INFO  [restartedMain] org.apache.catalina.core.StandardService:Starting service [Tomcat]
2022-10-11 21:30:38,933 INFO  [restartedMain] org.apache.catalina.core.StandardEngine:Starting Servlet engine: [Apache Tomcat/9.0.64]
2022-10-11 21:30:39,033 INFO  [restartedMain] org.apache.catalina.core.ContainerBase.[Tomcat].[localhost].[/]:Initializing Spring embedded WebApplicationContext
2022-10-11 21:30:39,034 INFO  [restartedMain] org.springframework.boot.web.servlet.context.ServletWebServerApplicationContext:Root WebApplicationContext: initialization completed in 2067 ms
2022-10-11 21:30:39,318 INFO  [restartedMain] org.hibernate.jpa.internal.util.LogHelper:HHH000204: Processing PersistenceUnitInfo [name: default]
2022-10-11 21:30:39,373 INFO  [restartedMain] org.hibernate.Version:HHH000412: Hibernate ORM core version 5.6.9.Final
2022-10-11 21:30:39,559 INFO  [restartedMain] org.hibernate.annotations.common.Version:HCANN000001: Hibernate Commons Annotations {5.1.2.Final}
2022-10-11 21:30:39,671 INFO  [restartedMain] com.zaxxer.hikari.HikariDataSource:HikariPool-1 - Starting...
2022-10-11 21:30:39,855 INFO  [restartedMain] com.zaxxer.hikari.HikariDataSource:HikariPool-1 - Start completed.
2022-10-11 21:30:39,874 INFO  [restartedMain] org.hibernate.dialect.Dialect:HHH000400: Using dialect: org.hibernate.dialect.PostgreSQLDialect
2022-10-11 21:30:40,843 INFO  [restartedMain] org.hibernate.engine.transaction.jta.platform.internal.JtaPlatformInitiator:HHH000490: Using JtaPlatform implementation: [org.hibernate.engine.transaction.jta.platform.internal.NoJtaPlatform]
2022-10-11 21:30:40,853 INFO  [restartedMain] org.springframework.orm.jpa.LocalContainerEntityManagerFactoryBean:Initialized JPA EntityManagerFactory for persistence unit 'default'
2022-10-11 21:30:41,438 WARN  [restartedMain] org.springframework.boot.autoconfigure.orm.jpa.JpaBaseConfiguration$JpaWebConfiguration:spring.jpa.open-in-view is enabled by default. Therefore, database queries may be performed during view rendering. Explicitly configure spring.jpa.open-in-view to disable this warning
2022-10-11 21:30:41,513 DEBUG [restartedMain] com.hillrent.security.jwt.AuthTokenFilter:Filter 'authenticationJwtTokenFilter' configured for use
2022-10-11 21:30:41,903 WARN  [restartedMain] org.springframework.security.config.annotation.web.builders.WebSecurity:You are asking Spring Security to ignore Ant [pattern='/v3/api-docs/**']. This is not recommended -- please use permitAll via HttpSecurity#authorizeHttpRequests instead.
2022-10-11 21:30:41,904 INFO  [restartedMain] org.springframework.security.web.DefaultSecurityFilterChain:Will not secure Ant [pattern='/v3/api-docs/**']
2022-10-11 21:30:41,905 WARN  [restartedMain] org.springframework.security.config.annotation.web.builders.WebSecurity:You are asking Spring Security to ignore Ant [pattern='/swagger-ui.html']. This is not recommended -- please use permitAll via HttpSecurity#authorizeHttpRequests instead.
2022-10-11 21:30:41,905 INFO  [restartedMain] org.springframework.security.web.DefaultSecurityFilterChain:Will not secure Ant [pattern='/swagger-ui.html']
2022-10-11 21:30:41,905 WARN  [restartedMain] org.springframework.security.config.annotation.web.builders.WebSecurity:You are asking Spring Security to ignore Ant [pattern='/swagger-ui/**']. This is not recommended -- please use permitAll via HttpSecurity#authorizeHttpRequests instead.
2022-10-11 21:30:41,905 INFO  [restartedMain] org.springframework.security.web.DefaultSecurityFilterChain:Will not secure Ant [pattern='/swagger-ui/**']
2022-10-11 21:30:41,905 WARN  [restartedMain] org.springframework.security.config.annotation.web.builders.WebSecurity:You are asking Spring Security to ignore Ant [pattern='/']. This is not recommended -- please use permitAll via HttpSecurity#authorizeHttpRequests instead.
2022-10-11 21:30:41,905 INFO  [restartedMain] org.springframework.security.web.DefaultSecurityFilterChain:Will not secure Ant [pattern='/']
2022-10-11 21:30:41,905 WARN  [restartedMain] org.springframework.security.config.annotation.web.builders.WebSecurity:You are asking Spring Security to ignore Ant [pattern='index.html']. This is not recommended -- please use permitAll via HttpSecurity#authorizeHttpRequests instead.
2022-10-11 21:30:41,905 INFO  [restartedMain] org.springframework.security.web.DefaultSecurityFilterChain:Will not secure Ant [pattern='index.html']
2022-10-11 21:30:41,906 WARN  [restartedMain] org.springframework.security.config.annotation.web.builders.WebSecurity:You are asking Spring Security to ignore Ant [pattern='/images/**']. This is not recommended -- please use permitAll via HttpSecurity#authorizeHttpRequests instead.
2022-10-11 21:30:41,906 INFO  [restartedMain] org.springframework.security.web.DefaultSecurityFilterChain:Will not secure Ant [pattern='/images/**']
2022-10-11 21:30:41,938 INFO  [restartedMain] org.springframework.security.web.DefaultSecurityFilterChain:Will secure any request with [org.springframework.security.web.context.request.async.WebAsyncManagerIntegrationFilter@6c217799, org.springframework.security.web.context.SecurityContextPersistenceFilter@36700b08, org.springframework.security.web.header.HeaderWriterFilter@45bb761d, org.springframework.security.web.authentication.logout.LogoutFilter@5327dcc4, com.hillrent.security.jwt.AuthTokenFilter@31d317b8, org.springframework.security.web.savedrequest.RequestCacheAwareFilter@75425660, org.springframework.security.web.servletapi.SecurityContextHolderAwareRequestFilter@3addf92, org.springframework.security.web.authentication.AnonymousAuthenticationFilter@25b981c0, org.springframework.security.web.session.SessionManagementFilter@5910f1b7, org.springframework.security.web.access.ExceptionTranslationFilter@13f02286, org.springframework.security.web.access.intercept.FilterSecurityInterceptor@37504715]
2022-10-11 21:30:42,208 INFO  [restartedMain] org.springframework.boot.autoconfigure.web.servlet.WelcomePageHandlerMapping:Adding welcome page: class path resource [static/index.html]
2022-10-11 21:30:43,222 INFO  [restartedMain] org.springframework.boot.devtools.autoconfigure.OptionalLiveReloadServer:LiveReload server is running on port 35729
2022-10-11 21:30:43,228 INFO  [restartedMain] org.springframework.boot.actuate.endpoint.web.EndpointLinksResolver:Exposing 1 endpoint(s) beneath base path '/actuator'
2022-10-11 21:30:43,303 INFO  [restartedMain] org.springframework.boot.web.embedded.tomcat.TomcatWebServer:Tomcat started on port(s): 8080 (http) with context path ''
2022-10-11 21:30:43,321 INFO  [restartedMain] com.hillrent.HillRentApplication:Started HillRentApplication in 6.867 seconds (JVM running for 7.768)
2022-10-11 21:32:13,240 INFO  [Thread-5] org.springframework.orm.jpa.LocalContainerEntityManagerFactoryBean:Closing JPA EntityManagerFactory for persistence unit 'default'
2022-10-11 21:32:13,245 INFO  [Thread-5] com.zaxxer.hikari.HikariDataSource:HikariPool-1 - Shutdown initiated...
2022-10-11 21:32:13,251 INFO  [Thread-5] com.zaxxer.hikari.HikariDataSource:HikariPool-1 - Shutdown completed.
