2022-08-24 00:10:14,937 INFO  [restartedMain] com.hillrent.HillRentApplication:Starting HillRentApplication using Java 17.0.2 on Cihangir with PID 3812 (C:\Users\a\IdeaProjects\PROJECTS\HillRent\target\classes started by a in C:\Users\a\IdeaProjects\PROJECTS\HillRent)
2022-08-24 00:10:14,939 INFO  [restartedMain] com.hillrent.HillRentApplication:The following 1 profile is active: "prod"
2022-08-24 00:10:15,033 INFO  [restartedMain] org.springframework.boot.devtools.env.DevToolsPropertyDefaultsPostProcessor:Devtools property defaults active! Set 'spring.devtools.add-properties' to 'false' to disable
2022-08-24 00:10:15,040 INFO  [restartedMain] org.springframework.boot.devtools.env.DevToolsPropertyDefaultsPostProcessor:For additional web related logging consider setting the 'logging.level.web' property to 'DEBUG'
2022-08-24 00:10:16,453 INFO  [restartedMain] org.springframework.data.repository.config.RepositoryConfigurationDelegate:Bootstrapping Spring Data JPA repositories in DEFAULT mode.
2022-08-24 00:10:16,546 INFO  [restartedMain] org.springframework.data.repository.config.RepositoryConfigurationDelegate:Finished Spring Data repository scanning in 83 ms. Found 6 JPA repository interfaces.
2022-08-24 00:10:17,375 INFO  [restartedMain] org.springframework.boot.web.embedded.tomcat.TomcatWebServer:Tomcat initialized with port(s): 8080 (http)
2022-08-24 00:10:17,386 INFO  [restartedMain] org.apache.catalina.core.StandardService:Starting service [Tomcat]
2022-08-24 00:10:17,387 INFO  [restartedMain] org.apache.catalina.core.StandardEngine:Starting Servlet engine: [Apache Tomcat/9.0.64]
2022-08-24 00:10:17,490 INFO  [restartedMain] org.apache.catalina.core.ContainerBase.[Tomcat].[localhost].[/]:Initializing Spring embedded WebApplicationContext
2022-08-24 00:10:17,490 INFO  [restartedMain] org.springframework.boot.web.servlet.context.ServletWebServerApplicationContext:Root WebApplicationContext: initialization completed in 2449 ms
2022-08-24 00:10:17,835 INFO  [restartedMain] org.hibernate.jpa.internal.util.LogHelper:HHH000204: Processing PersistenceUnitInfo [name: default]
2022-08-24 00:10:17,901 INFO  [restartedMain] org.hibernate.Version:HHH000412: Hibernate ORM core version 5.6.9.Final
2022-08-24 00:10:18,168 INFO  [restartedMain] org.hibernate.annotations.common.Version:HCANN000001: Hibernate Commons Annotations {5.1.2.Final}
2022-08-24 00:10:18,355 INFO  [restartedMain] com.zaxxer.hikari.HikariDataSource:HikariPool-1 - Starting...
2022-08-24 00:10:18,638 INFO  [restartedMain] com.zaxxer.hikari.HikariDataSource:HikariPool-1 - Start completed.
2022-08-24 00:10:18,670 INFO  [restartedMain] org.hibernate.dialect.Dialect:HHH000400: Using dialect: org.hibernate.dialect.PostgreSQLDialect
2022-08-24 00:10:19,995 INFO  [restartedMain] org.hibernate.engine.transaction.jta.platform.internal.JtaPlatformInitiator:HHH000490: Using JtaPlatform implementation: [org.hibernate.engine.transaction.jta.platform.internal.NoJtaPlatform]
2022-08-24 00:10:20,005 INFO  [restartedMain] org.springframework.orm.jpa.LocalContainerEntityManagerFactoryBean:Initialized JPA EntityManagerFactory for persistence unit 'default'
2022-08-24 00:10:20,620 WARN  [restartedMain] org.springframework.boot.autoconfigure.orm.jpa.JpaBaseConfiguration$JpaWebConfiguration:spring.jpa.open-in-view is enabled by default. Therefore, database queries may be performed during view rendering. Explicitly configure spring.jpa.open-in-view to disable this warning
2022-08-24 00:10:21,106 WARN  [restartedMain] org.springframework.security.config.annotation.web.builders.WebSecurity:You are asking Spring Security to ignore Ant [pattern='/v3/api-docs/**']. This is not recommended -- please use permitAll via HttpSecurity#authorizeHttpRequests instead.
2022-08-24 00:10:21,106 INFO  [restartedMain] org.springframework.security.web.DefaultSecurityFilterChain:Will not secure Ant [pattern='/v3/api-docs/**']
2022-08-24 00:10:21,107 WARN  [restartedMain] org.springframework.security.config.annotation.web.builders.WebSecurity:You are asking Spring Security to ignore Ant [pattern='/swagger-ui.html']. This is not recommended -- please use permitAll via HttpSecurity#authorizeHttpRequests instead.
2022-08-24 00:10:21,107 INFO  [restartedMain] org.springframework.security.web.DefaultSecurityFilterChain:Will not secure Ant [pattern='/swagger-ui.html']
2022-08-24 00:10:21,107 WARN  [restartedMain] org.springframework.security.config.annotation.web.builders.WebSecurity:You are asking Spring Security to ignore Ant [pattern='/swagger-ui/**']. This is not recommended -- please use permitAll via HttpSecurity#authorizeHttpRequests instead.
2022-08-24 00:10:21,108 INFO  [restartedMain] org.springframework.security.web.DefaultSecurityFilterChain:Will not secure Ant [pattern='/swagger-ui/**']
2022-08-24 00:10:21,108 WARN  [restartedMain] org.springframework.security.config.annotation.web.builders.WebSecurity:You are asking Spring Security to ignore Ant [pattern='/']. This is not recommended -- please use permitAll via HttpSecurity#authorizeHttpRequests instead.
2022-08-24 00:10:21,108 INFO  [restartedMain] org.springframework.security.web.DefaultSecurityFilterChain:Will not secure Ant [pattern='/']
2022-08-24 00:10:21,108 WARN  [restartedMain] org.springframework.security.config.annotation.web.builders.WebSecurity:You are asking Spring Security to ignore Ant [pattern='index.html']. This is not recommended -- please use permitAll via HttpSecurity#authorizeHttpRequests instead.
2022-08-24 00:10:21,108 INFO  [restartedMain] org.springframework.security.web.DefaultSecurityFilterChain:Will not secure Ant [pattern='index.html']
2022-08-24 00:10:21,108 WARN  [restartedMain] org.springframework.security.config.annotation.web.builders.WebSecurity:You are asking Spring Security to ignore Ant [pattern='/images/**']. This is not recommended -- please use permitAll via HttpSecurity#authorizeHttpRequests instead.
2022-08-24 00:10:21,108 INFO  [restartedMain] org.springframework.security.web.DefaultSecurityFilterChain:Will not secure Ant [pattern='/images/**']
2022-08-24 00:10:21,142 INFO  [restartedMain] org.springframework.security.web.DefaultSecurityFilterChain:Will secure any request with [org.springframework.security.web.context.request.async.WebAsyncManagerIntegrationFilter@3f98f322, org.springframework.security.web.context.SecurityContextPersistenceFilter@228c0cf1, org.springframework.security.web.header.HeaderWriterFilter@72a9e76f, org.springframework.security.web.authentication.logout.LogoutFilter@5e3450eb, com.hillrent.security.jwt.AuthTokenFilter@7bc1a4d5, org.springframework.security.web.savedrequest.RequestCacheAwareFilter@4af6c119, org.springframework.security.web.servletapi.SecurityContextHolderAwareRequestFilter@55a4b297, org.springframework.security.web.authentication.AnonymousAuthenticationFilter@2c9b95cf, org.springframework.security.web.session.SessionManagementFilter@6b84a4a, org.springframework.security.web.access.ExceptionTranslationFilter@2b6e6aa5, org.springframework.security.web.access.intercept.FilterSecurityInterceptor@2a0c53eb]
2022-08-24 00:10:22,520 WARN  [restartedMain] org.springframework.boot.devtools.autoconfigure.OptionalLiveReloadServer:Unable to start LiveReload server
2022-08-24 00:10:22,527 INFO  [restartedMain] org.springframework.boot.actuate.endpoint.web.EndpointLinksResolver:Exposing 2 endpoint(s) beneath base path '/actuator'
2022-08-24 00:10:22,588 WARN  [restartedMain] org.springframework.boot.web.servlet.context.AnnotationConfigServletWebServerApplicationContext:Exception encountered during context initialization - cancelling refresh attempt: org.springframework.context.ApplicationContextException: Failed to start bean 'webServerStartStop'; nested exception is org.springframework.boot.web.server.PortInUseException: Port 8080 is already in use
2022-08-24 00:10:22,595 INFO  [restartedMain] org.springframework.orm.jpa.LocalContainerEntityManagerFactoryBean:Closing JPA EntityManagerFactory for persistence unit 'default'
2022-08-24 00:10:22,599 INFO  [restartedMain] com.zaxxer.hikari.HikariDataSource:HikariPool-1 - Shutdown initiated...
2022-08-24 00:10:22,602 INFO  [restartedMain] com.zaxxer.hikari.HikariDataSource:HikariPool-1 - Shutdown completed.
2022-08-24 00:10:22,607 INFO  [restartedMain] org.apache.catalina.core.StandardService:Stopping service [Tomcat]
2022-08-24 00:10:22,627 INFO  [restartedMain] org.springframework.boot.autoconfigure.logging.ConditionEvaluationReportLoggingListener:

Error starting ApplicationContext. To display the conditions report re-run your application with 'debug' enabled.
2022-08-24 00:10:22,659 ERROR [restartedMain] org.springframework.boot.diagnostics.LoggingFailureAnalysisReporter:

***************************
APPLICATION FAILED TO START
***************************

Description:

Web server failed to start. Port 8080 was already in use.

Action:

Identify and stop the process that's listening on port 8080 or configure this application to listen on another port.

2022-08-24 00:10:39,060 INFO  [restartedMain] com.hillrent.HillRentApplication:Starting HillRentApplication using Java 17.0.2 on Cihangir with PID 13424 (C:\Users\a\IdeaProjects\PROJECTS\HillRent\target\classes started by a in C:\Users\a\IdeaProjects\PROJECTS\HillRent)
2022-08-24 00:10:39,061 INFO  [restartedMain] com.hillrent.HillRentApplication:The following 1 profile is active: "prod"
2022-08-24 00:10:39,110 INFO  [restartedMain] org.springframework.boot.devtools.env.DevToolsPropertyDefaultsPostProcessor:Devtools property defaults active! Set 'spring.devtools.add-properties' to 'false' to disable
2022-08-24 00:10:39,111 INFO  [restartedMain] org.springframework.boot.devtools.env.DevToolsPropertyDefaultsPostProcessor:For additional web related logging consider setting the 'logging.level.web' property to 'DEBUG'
2022-08-24 00:10:40,212 INFO  [restartedMain] org.springframework.data.repository.config.RepositoryConfigurationDelegate:Bootstrapping Spring Data JPA repositories in DEFAULT mode.
2022-08-24 00:10:40,299 INFO  [restartedMain] org.springframework.data.repository.config.RepositoryConfigurationDelegate:Finished Spring Data repository scanning in 78 ms. Found 6 JPA repository interfaces.
2022-08-24 00:10:40,964 INFO  [restartedMain] org.springframework.boot.web.embedded.tomcat.TomcatWebServer:Tomcat initialized with port(s): 8080 (http)
2022-08-24 00:10:40,973 INFO  [restartedMain] org.apache.catalina.core.StandardService:Starting service [Tomcat]
2022-08-24 00:10:40,974 INFO  [restartedMain] org.apache.catalina.core.StandardEngine:Starting Servlet engine: [Apache Tomcat/9.0.64]
2022-08-24 00:10:41,067 INFO  [restartedMain] org.apache.catalina.core.ContainerBase.[Tomcat].[localhost].[/]:Initializing Spring embedded WebApplicationContext
2022-08-24 00:10:41,068 INFO  [restartedMain] org.springframework.boot.web.servlet.context.ServletWebServerApplicationContext:Root WebApplicationContext: initialization completed in 1957 ms
2022-08-24 00:10:41,341 INFO  [restartedMain] org.hibernate.jpa.internal.util.LogHelper:HHH000204: Processing PersistenceUnitInfo [name: default]
2022-08-24 00:10:41,394 INFO  [restartedMain] org.hibernate.Version:HHH000412: Hibernate ORM core version 5.6.9.Final
2022-08-24 00:10:41,573 INFO  [restartedMain] org.hibernate.annotations.common.Version:HCANN000001: Hibernate Commons Annotations {5.1.2.Final}
2022-08-24 00:10:41,674 INFO  [restartedMain] com.zaxxer.hikari.HikariDataSource:HikariPool-1 - Starting...
2022-08-24 00:10:41,856 INFO  [restartedMain] com.zaxxer.hikari.HikariDataSource:HikariPool-1 - Start completed.
2022-08-24 00:10:41,873 INFO  [restartedMain] org.hibernate.dialect.Dialect:HHH000400: Using dialect: org.hibernate.dialect.PostgreSQLDialect
2022-08-24 00:10:42,894 INFO  [restartedMain] org.hibernate.engine.transaction.jta.platform.internal.JtaPlatformInitiator:HHH000490: Using JtaPlatform implementation: [org.hibernate.engine.transaction.jta.platform.internal.NoJtaPlatform]
2022-08-24 00:10:42,904 INFO  [restartedMain] org.springframework.orm.jpa.LocalContainerEntityManagerFactoryBean:Initialized JPA EntityManagerFactory for persistence unit 'default'
2022-08-24 00:10:43,493 WARN  [restartedMain] org.springframework.boot.autoconfigure.orm.jpa.JpaBaseConfiguration$JpaWebConfiguration:spring.jpa.open-in-view is enabled by default. Therefore, database queries may be performed during view rendering. Explicitly configure spring.jpa.open-in-view to disable this warning
2022-08-24 00:10:43,989 WARN  [restartedMain] org.springframework.security.config.annotation.web.builders.WebSecurity:You are asking Spring Security to ignore Ant [pattern='/v3/api-docs/**']. This is not recommended -- please use permitAll via HttpSecurity#authorizeHttpRequests instead.
2022-08-24 00:10:43,990 INFO  [restartedMain] org.springframework.security.web.DefaultSecurityFilterChain:Will not secure Ant [pattern='/v3/api-docs/**']
2022-08-24 00:10:43,991 WARN  [restartedMain] org.springframework.security.config.annotation.web.builders.WebSecurity:You are asking Spring Security to ignore Ant [pattern='/swagger-ui.html']. This is not recommended -- please use permitAll via HttpSecurity#authorizeHttpRequests instead.
2022-08-24 00:10:43,991 INFO  [restartedMain] org.springframework.security.web.DefaultSecurityFilterChain:Will not secure Ant [pattern='/swagger-ui.html']
2022-08-24 00:10:43,991 WARN  [restartedMain] org.springframework.security.config.annotation.web.builders.WebSecurity:You are asking Spring Security to ignore Ant [pattern='/swagger-ui/**']. This is not recommended -- please use permitAll via HttpSecurity#authorizeHttpRequests instead.
2022-08-24 00:10:43,991 INFO  [restartedMain] org.springframework.security.web.DefaultSecurityFilterChain:Will not secure Ant [pattern='/swagger-ui/**']
2022-08-24 00:10:43,991 WARN  [restartedMain] org.springframework.security.config.annotation.web.builders.WebSecurity:You are asking Spring Security to ignore Ant [pattern='/']. This is not recommended -- please use permitAll via HttpSecurity#authorizeHttpRequests instead.
2022-08-24 00:10:43,991 INFO  [restartedMain] org.springframework.security.web.DefaultSecurityFilterChain:Will not secure Ant [pattern='/']
2022-08-24 00:10:43,992 WARN  [restartedMain] org.springframework.security.config.annotation.web.builders.WebSecurity:You are asking Spring Security to ignore Ant [pattern='index.html']. This is not recommended -- please use permitAll via HttpSecurity#authorizeHttpRequests instead.
2022-08-24 00:10:43,992 INFO  [restartedMain] org.springframework.security.web.DefaultSecurityFilterChain:Will not secure Ant [pattern='index.html']
2022-08-24 00:10:43,992 WARN  [restartedMain] org.springframework.security.config.annotation.web.builders.WebSecurity:You are asking Spring Security to ignore Ant [pattern='/images/**']. This is not recommended -- please use permitAll via HttpSecurity#authorizeHttpRequests instead.
2022-08-24 00:10:43,992 INFO  [restartedMain] org.springframework.security.web.DefaultSecurityFilterChain:Will not secure Ant [pattern='/images/**']
2022-08-24 00:10:44,023 INFO  [restartedMain] org.springframework.security.web.DefaultSecurityFilterChain:Will secure any request with [org.springframework.security.web.context.request.async.WebAsyncManagerIntegrationFilter@397d642c, org.springframework.security.web.context.SecurityContextPersistenceFilter@4975c612, org.springframework.security.web.header.HeaderWriterFilter@2454e4c3, org.springframework.security.web.authentication.logout.LogoutFilter@7c163c37, com.hillrent.security.jwt.AuthTokenFilter@2f8435f3, org.springframework.security.web.savedrequest.RequestCacheAwareFilter@3a9fff1a, org.springframework.security.web.servletapi.SecurityContextHolderAwareRequestFilter@69f113e1, org.springframework.security.web.authentication.AnonymousAuthenticationFilter@517668b9, org.springframework.security.web.session.SessionManagementFilter@2c719b83, org.springframework.security.web.access.ExceptionTranslationFilter@20e78669, org.springframework.security.web.access.intercept.FilterSecurityInterceptor@6cb76542]
2022-08-24 00:10:45,406 INFO  [restartedMain] org.springframework.boot.devtools.autoconfigure.OptionalLiveReloadServer:LiveReload server is running on port 35729
2022-08-24 00:10:45,412 INFO  [restartedMain] org.springframework.boot.actuate.endpoint.web.EndpointLinksResolver:Exposing 2 endpoint(s) beneath base path '/actuator'
2022-08-24 00:10:45,487 INFO  [restartedMain] org.springframework.boot.web.embedded.tomcat.TomcatWebServer:Tomcat started on port(s): 8080 (http) with context path ''
2022-08-24 00:10:45,506 INFO  [restartedMain] com.hillrent.HillRentApplication:Started HillRentApplication in 6.886 seconds (JVM running for 7.569)
2022-08-24 00:13:50,249 INFO  [http-nio-8080-exec-1] org.apache.catalina.core.ContainerBase.[Tomcat].[localhost].[/]:Initializing Spring DispatcherServlet 'dispatcherServlet'
2022-08-24 00:13:50,249 INFO  [http-nio-8080-exec-1] org.springframework.web.servlet.DispatcherServlet:Initializing Servlet 'dispatcherServlet'
2022-08-24 00:13:50,251 INFO  [http-nio-8080-exec-1] org.springframework.web.servlet.DispatcherServlet:Completed initialization in 1 ms
2022-08-24 00:14:55,962 INFO  [RMI TCP Connection(8)-127.0.0.1] org.springframework.boot.admin.SpringApplicationAdminMXBeanRegistrar$SpringApplicationAdmin:Application shutdown requested.
2022-08-24 00:14:55,996 INFO  [RMI TCP Connection(8)-127.0.0.1] org.springframework.orm.jpa.LocalContainerEntityManagerFactoryBean:Closing JPA EntityManagerFactory for persistence unit 'default'
2022-08-24 00:14:55,999 INFO  [RMI TCP Connection(8)-127.0.0.1] com.zaxxer.hikari.HikariDataSource:HikariPool-1 - Shutdown initiated...
2022-08-24 00:14:56,004 INFO  [RMI TCP Connection(8)-127.0.0.1] com.zaxxer.hikari.HikariDataSource:HikariPool-1 - Shutdown completed.
2022-08-24 00:15:00,612 INFO  [restartedMain] com.hillrent.HillRentApplication:Starting HillRentApplication using Java 17.0.2 on Cihangir with PID 14072 (C:\Users\a\IdeaProjects\PROJECTS\HillRent\target\classes started by a in C:\Users\a\IdeaProjects\PROJECTS\HillRent)
2022-08-24 00:15:00,613 INFO  [restartedMain] com.hillrent.HillRentApplication:The following 1 profile is active: "prod"
2022-08-24 00:15:00,672 INFO  [restartedMain] org.springframework.boot.devtools.env.DevToolsPropertyDefaultsPostProcessor:Devtools property defaults active! Set 'spring.devtools.add-properties' to 'false' to disable
2022-08-24 00:15:00,672 INFO  [restartedMain] org.springframework.boot.devtools.env.DevToolsPropertyDefaultsPostProcessor:For additional web related logging consider setting the 'logging.level.web' property to 'DEBUG'
2022-08-24 00:15:01,868 INFO  [restartedMain] org.springframework.data.repository.config.RepositoryConfigurationDelegate:Bootstrapping Spring Data JPA repositories in DEFAULT mode.
2022-08-24 00:15:01,964 INFO  [restartedMain] org.springframework.data.repository.config.RepositoryConfigurationDelegate:Finished Spring Data repository scanning in 86 ms. Found 6 JPA repository interfaces.
2022-08-24 00:15:02,710 INFO  [restartedMain] org.springframework.boot.web.embedded.tomcat.TomcatWebServer:Tomcat initialized with port(s): 8080 (http)
2022-08-24 00:15:02,722 INFO  [restartedMain] org.apache.catalina.core.StandardService:Starting service [Tomcat]
2022-08-24 00:15:02,723 INFO  [restartedMain] org.apache.catalina.core.StandardEngine:Starting Servlet engine: [Apache Tomcat/9.0.64]
2022-08-24 00:15:02,820 INFO  [restartedMain] org.apache.catalina.core.ContainerBase.[Tomcat].[localhost].[/]:Initializing Spring embedded WebApplicationContext
2022-08-24 00:15:02,820 INFO  [restartedMain] org.springframework.boot.web.servlet.context.ServletWebServerApplicationContext:Root WebApplicationContext: initialization completed in 2147 ms
2022-08-24 00:15:03,126 INFO  [restartedMain] org.hibernate.jpa.internal.util.LogHelper:HHH000204: Processing PersistenceUnitInfo [name: default]
2022-08-24 00:15:03,186 INFO  [restartedMain] org.hibernate.Version:HHH000412: Hibernate ORM core version 5.6.9.Final
2022-08-24 00:15:03,372 INFO  [restartedMain] org.hibernate.annotations.common.Version:HCANN000001: Hibernate Commons Annotations {5.1.2.Final}
2022-08-24 00:15:03,484 INFO  [restartedMain] com.zaxxer.hikari.HikariDataSource:HikariPool-1 - Starting...
2022-08-24 00:15:03,790 INFO  [restartedMain] com.zaxxer.hikari.HikariDataSource:HikariPool-1 - Start completed.
2022-08-24 00:15:03,811 INFO  [restartedMain] org.hibernate.dialect.Dialect:HHH000400: Using dialect: org.hibernate.dialect.PostgreSQLDialect
2022-08-24 00:15:04,867 INFO  [restartedMain] org.hibernate.engine.transaction.jta.platform.internal.JtaPlatformInitiator:HHH000490: Using JtaPlatform implementation: [org.hibernate.engine.transaction.jta.platform.internal.NoJtaPlatform]
2022-08-24 00:15:04,876 INFO  [restartedMain] org.springframework.orm.jpa.LocalContainerEntityManagerFactoryBean:Initialized JPA EntityManagerFactory for persistence unit 'default'
2022-08-24 00:15:05,487 WARN  [restartedMain] org.springframework.boot.autoconfigure.orm.jpa.JpaBaseConfiguration$JpaWebConfiguration:spring.jpa.open-in-view is enabled by default. Therefore, database queries may be performed during view rendering. Explicitly configure spring.jpa.open-in-view to disable this warning
2022-08-24 00:15:06,023 WARN  [restartedMain] org.springframework.security.config.annotation.web.builders.WebSecurity:You are asking Spring Security to ignore Ant [pattern='/v3/api-docs/**']. This is not recommended -- please use permitAll via HttpSecurity#authorizeHttpRequests instead.
2022-08-24 00:15:06,024 INFO  [restartedMain] org.springframework.security.web.DefaultSecurityFilterChain:Will not secure Ant [pattern='/v3/api-docs/**']
2022-08-24 00:15:06,024 WARN  [restartedMain] org.springframework.security.config.annotation.web.builders.WebSecurity:You are asking Spring Security to ignore Ant [pattern='/swagger-ui.html']. This is not recommended -- please use permitAll via HttpSecurity#authorizeHttpRequests instead.
2022-08-24 00:15:06,025 INFO  [restartedMain] org.springframework.security.web.DefaultSecurityFilterChain:Will not secure Ant [pattern='/swagger-ui.html']
2022-08-24 00:15:06,025 WARN  [restartedMain] org.springframework.security.config.annotation.web.builders.WebSecurity:You are asking Spring Security to ignore Ant [pattern='/swagger-ui/**']. This is not recommended -- please use permitAll via HttpSecurity#authorizeHttpRequests instead.
2022-08-24 00:15:06,025 INFO  [restartedMain] org.springframework.security.web.DefaultSecurityFilterChain:Will not secure Ant [pattern='/swagger-ui/**']
2022-08-24 00:15:06,025 WARN  [restartedMain] org.springframework.security.config.annotation.web.builders.WebSecurity:You are asking Spring Security to ignore Ant [pattern='/']. This is not recommended -- please use permitAll via HttpSecurity#authorizeHttpRequests instead.
2022-08-24 00:15:06,025 INFO  [restartedMain] org.springframework.security.web.DefaultSecurityFilterChain:Will not secure Ant [pattern='/']
2022-08-24 00:15:06,026 WARN  [restartedMain] org.springframework.security.config.annotation.web.builders.WebSecurity:You are asking Spring Security to ignore Ant [pattern='index.html']. This is not recommended -- please use permitAll via HttpSecurity#authorizeHttpRequests instead.
2022-08-24 00:15:06,026 INFO  [restartedMain] org.springframework.security.web.DefaultSecurityFilterChain:Will not secure Ant [pattern='index.html']
2022-08-24 00:15:06,026 WARN  [restartedMain] org.springframework.security.config.annotation.web.builders.WebSecurity:You are asking Spring Security to ignore Ant [pattern='/images/**']. This is not recommended -- please use permitAll via HttpSecurity#authorizeHttpRequests instead.
2022-08-24 00:15:06,026 INFO  [restartedMain] org.springframework.security.web.DefaultSecurityFilterChain:Will not secure Ant [pattern='/images/**']
2022-08-24 00:15:06,061 INFO  [restartedMain] org.springframework.security.web.DefaultSecurityFilterChain:Will secure any request with [org.springframework.security.web.context.request.async.WebAsyncManagerIntegrationFilter@79cbadfc, org.springframework.security.web.context.SecurityContextPersistenceFilter@2d59efbc, org.springframework.security.web.header.HeaderWriterFilter@d950fb6, org.springframework.security.web.authentication.logout.LogoutFilter@731a258f, com.hillrent.security.jwt.AuthTokenFilter@2e353251, org.springframework.security.web.savedrequest.RequestCacheAwareFilter@44e82b55, org.springframework.security.web.servletapi.SecurityContextHolderAwareRequestFilter@1861d75d, org.springframework.security.web.authentication.AnonymousAuthenticationFilter@526d5440, org.springframework.security.web.session.SessionManagementFilter@45a8197f, org.springframework.security.web.access.ExceptionTranslationFilter@585fa543, org.springframework.security.web.access.intercept.FilterSecurityInterceptor@18cf937d]
2022-08-24 00:15:07,536 INFO  [restartedMain] org.springframework.boot.devtools.autoconfigure.OptionalLiveReloadServer:LiveReload server is running on port 35729
2022-08-24 00:15:07,543 INFO  [restartedMain] org.springframework.boot.actuate.endpoint.web.EndpointLinksResolver:Exposing 2 endpoint(s) beneath base path '/actuator'
2022-08-24 00:15:07,638 INFO  [restartedMain] org.springframework.boot.web.embedded.tomcat.TomcatWebServer:Tomcat started on port(s): 8080 (http) with context path ''
2022-08-24 00:15:07,660 INFO  [restartedMain] com.hillrent.HillRentApplication:Started HillRentApplication in 7.548 seconds (JVM running for 8.279)
2022-08-24 00:15:23,701 INFO  [http-nio-8080-exec-1] org.apache.catalina.core.ContainerBase.[Tomcat].[localhost].[/]:Initializing Spring DispatcherServlet 'dispatcherServlet'
2022-08-24 00:15:23,701 INFO  [http-nio-8080-exec-1] org.springframework.web.servlet.DispatcherServlet:Initializing Servlet 'dispatcherServlet'
2022-08-24 00:15:23,703 INFO  [http-nio-8080-exec-1] org.springframework.web.servlet.DispatcherServlet:Completed initialization in 2 ms
2022-08-24 00:17:02,972 INFO  [RMI TCP Connection(4)-127.0.0.1] org.springframework.boot.admin.SpringApplicationAdminMXBeanRegistrar$SpringApplicationAdmin:Application shutdown requested.
2022-08-24 00:17:02,999 INFO  [RMI TCP Connection(4)-127.0.0.1] org.springframework.orm.jpa.LocalContainerEntityManagerFactoryBean:Closing JPA EntityManagerFactory for persistence unit 'default'
2022-08-24 00:17:03,003 INFO  [RMI TCP Connection(4)-127.0.0.1] com.zaxxer.hikari.HikariDataSource:HikariPool-1 - Shutdown initiated...
2022-08-24 00:17:03,006 INFO  [RMI TCP Connection(4)-127.0.0.1] com.zaxxer.hikari.HikariDataSource:HikariPool-1 - Shutdown completed.
2022-08-24 00:33:06,301 INFO  [restartedMain] com.hillrent.HillRentApplication:Starting HillRentApplication using Java 17.0.2 on Cihangir with PID 15196 (C:\Users\a\IdeaProjects\PROJECTS\HillRent\target\classes started by a in C:\Users\a\IdeaProjects\PROJECTS\HillRent)
2022-08-24 00:33:06,302 INFO  [restartedMain] com.hillrent.HillRentApplication:The following 1 profile is active: "prod"
2022-08-24 00:33:06,351 INFO  [restartedMain] org.springframework.boot.devtools.env.DevToolsPropertyDefaultsPostProcessor:Devtools property defaults active! Set 'spring.devtools.add-properties' to 'false' to disable
2022-08-24 00:33:06,351 INFO  [restartedMain] org.springframework.boot.devtools.env.DevToolsPropertyDefaultsPostProcessor:For additional web related logging consider setting the 'logging.level.web' property to 'DEBUG'
2022-08-24 00:33:07,440 INFO  [restartedMain] org.springframework.data.repository.config.RepositoryConfigurationDelegate:Bootstrapping Spring Data JPA repositories in DEFAULT mode.
2022-08-24 00:33:07,522 INFO  [restartedMain] org.springframework.data.repository.config.RepositoryConfigurationDelegate:Finished Spring Data repository scanning in 74 ms. Found 6 JPA repository interfaces.
2022-08-24 00:33:08,225 INFO  [restartedMain] org.springframework.boot.web.embedded.tomcat.TomcatWebServer:Tomcat initialized with port(s): 8080 (http)
2022-08-24 00:33:08,236 INFO  [restartedMain] org.apache.catalina.core.StandardService:Starting service [Tomcat]
2022-08-24 00:33:08,236 INFO  [restartedMain] org.apache.catalina.core.StandardEngine:Starting Servlet engine: [Apache Tomcat/9.0.64]
2022-08-24 00:33:08,331 INFO  [restartedMain] org.apache.catalina.core.ContainerBase.[Tomcat].[localhost].[/]:Initializing Spring embedded WebApplicationContext
2022-08-24 00:33:08,332 INFO  [restartedMain] org.springframework.boot.web.servlet.context.ServletWebServerApplicationContext:Root WebApplicationContext: initialization completed in 1981 ms
2022-08-24 00:33:08,626 INFO  [restartedMain] org.hibernate.jpa.internal.util.LogHelper:HHH000204: Processing PersistenceUnitInfo [name: default]
2022-08-24 00:33:08,690 INFO  [restartedMain] org.hibernate.Version:HHH000412: Hibernate ORM core version 5.6.9.Final
2022-08-24 00:33:08,869 INFO  [restartedMain] org.hibernate.annotations.common.Version:HCANN000001: Hibernate Commons Annotations {5.1.2.Final}
2022-08-24 00:33:08,985 INFO  [restartedMain] com.zaxxer.hikari.HikariDataSource:HikariPool-1 - Starting...
2022-08-24 00:33:09,168 INFO  [restartedMain] com.zaxxer.hikari.HikariDataSource:HikariPool-1 - Start completed.
2022-08-24 00:33:09,188 INFO  [restartedMain] org.hibernate.dialect.Dialect:HHH000400: Using dialect: org.hibernate.dialect.PostgreSQLDialect
2022-08-24 00:33:10,143 INFO  [restartedMain] org.hibernate.engine.transaction.jta.platform.internal.JtaPlatformInitiator:HHH000490: Using JtaPlatform implementation: [org.hibernate.engine.transaction.jta.platform.internal.NoJtaPlatform]
2022-08-24 00:33:10,153 INFO  [restartedMain] org.springframework.orm.jpa.LocalContainerEntityManagerFactoryBean:Initialized JPA EntityManagerFactory for persistence unit 'default'
2022-08-24 00:33:10,857 WARN  [restartedMain] org.springframework.boot.autoconfigure.orm.jpa.JpaBaseConfiguration$JpaWebConfiguration:spring.jpa.open-in-view is enabled by default. Therefore, database queries may be performed during view rendering. Explicitly configure spring.jpa.open-in-view to disable this warning
2022-08-24 00:33:11,493 WARN  [restartedMain] org.springframework.security.config.annotation.web.builders.WebSecurity:You are asking Spring Security to ignore Ant [pattern='/v3/api-docs/**']. This is not recommended -- please use permitAll via HttpSecurity#authorizeHttpRequests instead.
2022-08-24 00:33:11,494 INFO  [restartedMain] org.springframework.security.web.DefaultSecurityFilterChain:Will not secure Ant [pattern='/v3/api-docs/**']
2022-08-24 00:33:11,495 WARN  [restartedMain] org.springframework.security.config.annotation.web.builders.WebSecurity:You are asking Spring Security to ignore Ant [pattern='/swagger-ui.html']. This is not recommended -- please use permitAll via HttpSecurity#authorizeHttpRequests instead.
2022-08-24 00:33:11,495 INFO  [restartedMain] org.springframework.security.web.DefaultSecurityFilterChain:Will not secure Ant [pattern='/swagger-ui.html']
2022-08-24 00:33:11,495 WARN  [restartedMain] org.springframework.security.config.annotation.web.builders.WebSecurity:You are asking Spring Security to ignore Ant [pattern='/swagger-ui/**']. This is not recommended -- please use permitAll via HttpSecurity#authorizeHttpRequests instead.
2022-08-24 00:33:11,495 INFO  [restartedMain] org.springframework.security.web.DefaultSecurityFilterChain:Will not secure Ant [pattern='/swagger-ui/**']
2022-08-24 00:33:11,496 WARN  [restartedMain] org.springframework.security.config.annotation.web.builders.WebSecurity:You are asking Spring Security to ignore Ant [pattern='/']. This is not recommended -- please use permitAll via HttpSecurity#authorizeHttpRequests instead.
2022-08-24 00:33:11,496 INFO  [restartedMain] org.springframework.security.web.DefaultSecurityFilterChain:Will not secure Ant [pattern='/']
2022-08-24 00:33:11,496 WARN  [restartedMain] org.springframework.security.config.annotation.web.builders.WebSecurity:You are asking Spring Security to ignore Ant [pattern='index.html']. This is not recommended -- please use permitAll via HttpSecurity#authorizeHttpRequests instead.
2022-08-24 00:33:11,496 INFO  [restartedMain] org.springframework.security.web.DefaultSecurityFilterChain:Will not secure Ant [pattern='index.html']
2022-08-24 00:33:11,496 WARN  [restartedMain] org.springframework.security.config.annotation.web.builders.WebSecurity:You are asking Spring Security to ignore Ant [pattern='/images/**']. This is not recommended -- please use permitAll via HttpSecurity#authorizeHttpRequests instead.
2022-08-24 00:33:11,496 INFO  [restartedMain] org.springframework.security.web.DefaultSecurityFilterChain:Will not secure Ant [pattern='/images/**']
2022-08-24 00:33:11,532 INFO  [restartedMain] org.springframework.security.web.DefaultSecurityFilterChain:Will secure any request with [org.springframework.security.web.context.request.async.WebAsyncManagerIntegrationFilter@63ab6bb5, org.springframework.security.web.context.SecurityContextPersistenceFilter@278cda14, org.springframework.security.web.header.HeaderWriterFilter@2a2e556d, org.springframework.security.web.authentication.logout.LogoutFilter@1b1b1ee4, com.hillrent.security.jwt.AuthTokenFilter@4318b418, org.springframework.security.web.savedrequest.RequestCacheAwareFilter@4e86fd3a, org.springframework.security.web.servletapi.SecurityContextHolderAwareRequestFilter@485fcbe, org.springframework.security.web.authentication.AnonymousAuthenticationFilter@3a85e946, org.springframework.security.web.session.SessionManagementFilter@5e3450eb, org.springframework.security.web.access.ExceptionTranslationFilter@3362fedf, org.springframework.security.web.access.intercept.FilterSecurityInterceptor@663f4f3a]
2022-08-24 00:33:13,213 INFO  [restartedMain] org.springframework.boot.devtools.autoconfigure.OptionalLiveReloadServer:LiveReload server is running on port 35729
2022-08-24 00:33:13,219 INFO  [restartedMain] org.springframework.boot.actuate.endpoint.web.EndpointLinksResolver:Exposing 2 endpoint(s) beneath base path '/actuator'
2022-08-24 00:33:13,286 WARN  [restartedMain] org.springframework.boot.web.servlet.context.AnnotationConfigServletWebServerApplicationContext:Exception encountered during context initialization - cancelling refresh attempt: org.springframework.context.ApplicationContextException: Failed to start bean 'webServerStartStop'; nested exception is org.springframework.boot.web.server.PortInUseException: Port 8080 is already in use
2022-08-24 00:33:13,293 INFO  [restartedMain] org.springframework.orm.jpa.LocalContainerEntityManagerFactoryBean:Closing JPA EntityManagerFactory for persistence unit 'default'
2022-08-24 00:33:13,297 INFO  [restartedMain] com.zaxxer.hikari.HikariDataSource:HikariPool-1 - Shutdown initiated...
2022-08-24 00:33:13,301 INFO  [restartedMain] com.zaxxer.hikari.HikariDataSource:HikariPool-1 - Shutdown completed.
2022-08-24 00:33:13,306 INFO  [restartedMain] org.apache.catalina.core.StandardService:Stopping service [Tomcat]
2022-08-24 00:33:13,327 INFO  [restartedMain] org.springframework.boot.autoconfigure.logging.ConditionEvaluationReportLoggingListener:

Error starting ApplicationContext. To display the conditions report re-run your application with 'debug' enabled.
2022-08-24 00:33:13,347 ERROR [restartedMain] org.springframework.boot.diagnostics.LoggingFailureAnalysisReporter:

***************************
APPLICATION FAILED TO START
***************************

Description:

Web server failed to start. Port 8080 was already in use.

Action:

Identify and stop the process that's listening on port 8080 or configure this application to listen on another port.

2022-08-24 00:33:21,108 INFO  [restartedMain] com.hillrent.HillRentApplication:Starting HillRentApplication using Java 17.0.2 on Cihangir with PID 8528 (C:\Users\a\IdeaProjects\PROJECTS\HillRent\target\classes started by a in C:\Users\a\IdeaProjects\PROJECTS\HillRent)
2022-08-24 00:33:21,109 INFO  [restartedMain] com.hillrent.HillRentApplication:The following 1 profile is active: "prod"
2022-08-24 00:33:21,160 INFO  [restartedMain] org.springframework.boot.devtools.env.DevToolsPropertyDefaultsPostProcessor:Devtools property defaults active! Set 'spring.devtools.add-properties' to 'false' to disable
2022-08-24 00:33:21,160 INFO  [restartedMain] org.springframework.boot.devtools.env.DevToolsPropertyDefaultsPostProcessor:For additional web related logging consider setting the 'logging.level.web' property to 'DEBUG'
2022-08-24 00:33:22,258 INFO  [restartedMain] org.springframework.data.repository.config.RepositoryConfigurationDelegate:Bootstrapping Spring Data JPA repositories in DEFAULT mode.
2022-08-24 00:33:22,343 INFO  [restartedMain] org.springframework.data.repository.config.RepositoryConfigurationDelegate:Finished Spring Data repository scanning in 77 ms. Found 6 JPA repository interfaces.
2022-08-24 00:33:23,025 INFO  [restartedMain] org.springframework.boot.web.embedded.tomcat.TomcatWebServer:Tomcat initialized with port(s): 8080 (http)
2022-08-24 00:33:23,034 INFO  [restartedMain] org.apache.catalina.core.StandardService:Starting service [Tomcat]
2022-08-24 00:33:23,035 INFO  [restartedMain] org.apache.catalina.core.StandardEngine:Starting Servlet engine: [Apache Tomcat/9.0.64]
2022-08-24 00:33:23,125 INFO  [restartedMain] org.apache.catalina.core.ContainerBase.[Tomcat].[localhost].[/]:Initializing Spring embedded WebApplicationContext
2022-08-24 00:33:23,126 INFO  [restartedMain] org.springframework.boot.web.servlet.context.ServletWebServerApplicationContext:Root WebApplicationContext: initialization completed in 1965 ms
2022-08-24 00:33:23,405 INFO  [restartedMain] org.hibernate.jpa.internal.util.LogHelper:HHH000204: Processing PersistenceUnitInfo [name: default]
2022-08-24 00:33:23,455 INFO  [restartedMain] org.hibernate.Version:HHH000412: Hibernate ORM core version 5.6.9.Final
2022-08-24 00:33:23,626 INFO  [restartedMain] org.hibernate.annotations.common.Version:HCANN000001: Hibernate Commons Annotations {5.1.2.Final}
2022-08-24 00:33:23,735 INFO  [restartedMain] com.zaxxer.hikari.HikariDataSource:HikariPool-1 - Starting...
2022-08-24 00:33:23,908 INFO  [restartedMain] com.zaxxer.hikari.HikariDataSource:HikariPool-1 - Start completed.
2022-08-24 00:33:23,926 INFO  [restartedMain] org.hibernate.dialect.Dialect:HHH000400: Using dialect: org.hibernate.dialect.PostgreSQLDialect
2022-08-24 00:33:24,856 INFO  [restartedMain] org.hibernate.engine.transaction.jta.platform.internal.JtaPlatformInitiator:HHH000490: Using JtaPlatform implementation: [org.hibernate.engine.transaction.jta.platform.internal.NoJtaPlatform]
2022-08-24 00:33:24,866 INFO  [restartedMain] org.springframework.orm.jpa.LocalContainerEntityManagerFactoryBean:Initialized JPA EntityManagerFactory for persistence unit 'default'
2022-08-24 00:33:25,412 WARN  [restartedMain] org.springframework.boot.autoconfigure.orm.jpa.JpaBaseConfiguration$JpaWebConfiguration:spring.jpa.open-in-view is enabled by default. Therefore, database queries may be performed during view rendering. Explicitly configure spring.jpa.open-in-view to disable this warning
2022-08-24 00:33:25,861 WARN  [restartedMain] org.springframework.security.config.annotation.web.builders.WebSecurity:You are asking Spring Security to ignore Ant [pattern='/v3/api-docs/**']. This is not recommended -- please use permitAll via HttpSecurity#authorizeHttpRequests instead.
2022-08-24 00:33:25,861 INFO  [restartedMain] org.springframework.security.web.DefaultSecurityFilterChain:Will not secure Ant [pattern='/v3/api-docs/**']
2022-08-24 00:33:25,862 WARN  [restartedMain] org.springframework.security.config.annotation.web.builders.WebSecurity:You are asking Spring Security to ignore Ant [pattern='/swagger-ui.html']. This is not recommended -- please use permitAll via HttpSecurity#authorizeHttpRequests instead.
2022-08-24 00:33:25,862 INFO  [restartedMain] org.springframework.security.web.DefaultSecurityFilterChain:Will not secure Ant [pattern='/swagger-ui.html']
2022-08-24 00:33:25,862 WARN  [restartedMain] org.springframework.security.config.annotation.web.builders.WebSecurity:You are asking Spring Security to ignore Ant [pattern='/swagger-ui/**']. This is not recommended -- please use permitAll via HttpSecurity#authorizeHttpRequests instead.
2022-08-24 00:33:25,862 INFO  [restartedMain] org.springframework.security.web.DefaultSecurityFilterChain:Will not secure Ant [pattern='/swagger-ui/**']
2022-08-24 00:33:25,862 WARN  [restartedMain] org.springframework.security.config.annotation.web.builders.WebSecurity:You are asking Spring Security to ignore Ant [pattern='/']. This is not recommended -- please use permitAll via HttpSecurity#authorizeHttpRequests instead.
2022-08-24 00:33:25,863 INFO  [restartedMain] org.springframework.security.web.DefaultSecurityFilterChain:Will not secure Ant [pattern='/']
2022-08-24 00:33:25,863 WARN  [restartedMain] org.springframework.security.config.annotation.web.builders.WebSecurity:You are asking Spring Security to ignore Ant [pattern='index.html']. This is not recommended -- please use permitAll via HttpSecurity#authorizeHttpRequests instead.
2022-08-24 00:33:25,863 INFO  [restartedMain] org.springframework.security.web.DefaultSecurityFilterChain:Will not secure Ant [pattern='index.html']
2022-08-24 00:33:25,863 WARN  [restartedMain] org.springframework.security.config.annotation.web.builders.WebSecurity:You are asking Spring Security to ignore Ant [pattern='/images/**']. This is not recommended -- please use permitAll via HttpSecurity#authorizeHttpRequests instead.
2022-08-24 00:33:25,863 INFO  [restartedMain] org.springframework.security.web.DefaultSecurityFilterChain:Will not secure Ant [pattern='/images/**']
2022-08-24 00:33:25,893 INFO  [restartedMain] org.springframework.security.web.DefaultSecurityFilterChain:Will secure any request with [org.springframework.security.web.context.request.async.WebAsyncManagerIntegrationFilter@6cfb66e, org.springframework.security.web.context.SecurityContextPersistenceFilter@7af998f, org.springframework.security.web.header.HeaderWriterFilter@1f1a0283, org.springframework.security.web.authentication.logout.LogoutFilter@3866105b, com.hillrent.security.jwt.AuthTokenFilter@140066a0, org.springframework.security.web.savedrequest.RequestCacheAwareFilter@2c7bc7e4, org.springframework.security.web.servletapi.SecurityContextHolderAwareRequestFilter@2999d65a, org.springframework.security.web.authentication.AnonymousAuthenticationFilter@120c984, org.springframework.security.web.session.SessionManagementFilter@1861d75d, org.springframework.security.web.access.ExceptionTranslationFilter@3051fc19, org.springframework.security.web.access.intercept.FilterSecurityInterceptor@2d440661]
2022-08-24 00:33:27,158 INFO  [restartedMain] org.springframework.boot.devtools.autoconfigure.OptionalLiveReloadServer:LiveReload server is running on port 35729
2022-08-24 00:33:27,164 INFO  [restartedMain] org.springframework.boot.actuate.endpoint.web.EndpointLinksResolver:Exposing 2 endpoint(s) beneath base path '/actuator'
2022-08-24 00:33:27,218 WARN  [restartedMain] org.springframework.boot.web.servlet.context.AnnotationConfigServletWebServerApplicationContext:Exception encountered during context initialization - cancelling refresh attempt: org.springframework.context.ApplicationContextException: Failed to start bean 'webServerStartStop'; nested exception is org.springframework.boot.web.server.PortInUseException: Port 8080 is already in use
2022-08-24 00:33:27,225 INFO  [restartedMain] org.springframework.orm.jpa.LocalContainerEntityManagerFactoryBean:Closing JPA EntityManagerFactory for persistence unit 'default'
2022-08-24 00:33:27,228 INFO  [restartedMain] com.zaxxer.hikari.HikariDataSource:HikariPool-1 - Shutdown initiated...
2022-08-24 00:33:27,231 INFO  [restartedMain] com.zaxxer.hikari.HikariDataSource:HikariPool-1 - Shutdown completed.
2022-08-24 00:33:27,236 INFO  [restartedMain] org.apache.catalina.core.StandardService:Stopping service [Tomcat]
2022-08-24 00:33:27,257 INFO  [restartedMain] org.springframework.boot.autoconfigure.logging.ConditionEvaluationReportLoggingListener:

Error starting ApplicationContext. To display the conditions report re-run your application with 'debug' enabled.
2022-08-24 00:33:27,279 ERROR [restartedMain] org.springframework.boot.diagnostics.LoggingFailureAnalysisReporter:

***************************
APPLICATION FAILED TO START
***************************

Description:

Web server failed to start. Port 8080 was already in use.

Action:

Identify and stop the process that's listening on port 8080 or configure this application to listen on another port.

2022-08-24 00:34:19,929 INFO  [restartedMain] com.hillrent.HillRentApplication:Starting HillRentApplication using Java 17.0.2 on Cihangir with PID 2488 (C:\Users\a\IdeaProjects\PROJECTS\HillRent\target\classes started by a in C:\Users\a\IdeaProjects\PROJECTS\HillRent)
2022-08-24 00:34:19,930 INFO  [restartedMain] com.hillrent.HillRentApplication:The following 1 profile is active: "prod"
2022-08-24 00:34:19,979 INFO  [restartedMain] org.springframework.boot.devtools.env.DevToolsPropertyDefaultsPostProcessor:Devtools property defaults active! Set 'spring.devtools.add-properties' to 'false' to disable
2022-08-24 00:34:19,979 INFO  [restartedMain] org.springframework.boot.devtools.env.DevToolsPropertyDefaultsPostProcessor:For additional web related logging consider setting the 'logging.level.web' property to 'DEBUG'
2022-08-24 00:34:21,077 INFO  [restartedMain] org.springframework.data.repository.config.RepositoryConfigurationDelegate:Bootstrapping Spring Data JPA repositories in DEFAULT mode.
2022-08-24 00:34:21,159 INFO  [restartedMain] org.springframework.data.repository.config.RepositoryConfigurationDelegate:Finished Spring Data repository scanning in 74 ms. Found 6 JPA repository interfaces.
2022-08-24 00:34:21,828 INFO  [restartedMain] org.springframework.boot.web.embedded.tomcat.TomcatWebServer:Tomcat initialized with port(s): 8080 (http)
2022-08-24 00:34:21,838 INFO  [restartedMain] org.apache.catalina.core.StandardService:Starting service [Tomcat]
2022-08-24 00:34:21,839 INFO  [restartedMain] org.apache.catalina.core.StandardEngine:Starting Servlet engine: [Apache Tomcat/9.0.64]
2022-08-24 00:34:21,933 INFO  [restartedMain] org.apache.catalina.core.ContainerBase.[Tomcat].[localhost].[/]:Initializing Spring embedded WebApplicationContext
2022-08-24 00:34:21,933 INFO  [restartedMain] org.springframework.boot.web.servlet.context.ServletWebServerApplicationContext:Root WebApplicationContext: initialization completed in 1954 ms
2022-08-24 00:34:22,206 INFO  [restartedMain] org.hibernate.jpa.internal.util.LogHelper:HHH000204: Processing PersistenceUnitInfo [name: default]
2022-08-24 00:34:22,255 INFO  [restartedMain] org.hibernate.Version:HHH000412: Hibernate ORM core version 5.6.9.Final
2022-08-24 00:34:22,427 INFO  [restartedMain] org.hibernate.annotations.common.Version:HCANN000001: Hibernate Commons Annotations {5.1.2.Final}
2022-08-24 00:34:22,529 INFO  [restartedMain] com.zaxxer.hikari.HikariDataSource:HikariPool-1 - Starting...
2022-08-24 00:34:22,704 INFO  [restartedMain] com.zaxxer.hikari.HikariDataSource:HikariPool-1 - Start completed.
2022-08-24 00:34:22,722 INFO  [restartedMain] org.hibernate.dialect.Dialect:HHH000400: Using dialect: org.hibernate.dialect.PostgreSQLDialect
2022-08-24 00:34:23,646 INFO  [restartedMain] org.hibernate.engine.transaction.jta.platform.internal.JtaPlatformInitiator:HHH000490: Using JtaPlatform implementation: [org.hibernate.engine.transaction.jta.platform.internal.NoJtaPlatform]
2022-08-24 00:34:23,655 INFO  [restartedMain] org.springframework.orm.jpa.LocalContainerEntityManagerFactoryBean:Initialized JPA EntityManagerFactory for persistence unit 'default'
2022-08-24 00:34:24,214 WARN  [restartedMain] org.springframework.boot.autoconfigure.orm.jpa.JpaBaseConfiguration$JpaWebConfiguration:spring.jpa.open-in-view is enabled by default. Therefore, database queries may be performed during view rendering. Explicitly configure spring.jpa.open-in-view to disable this warning
2022-08-24 00:34:24,666 WARN  [restartedMain] org.springframework.security.config.annotation.web.builders.WebSecurity:You are asking Spring Security to ignore Ant [pattern='/v3/api-docs/**']. This is not recommended -- please use permitAll via HttpSecurity#authorizeHttpRequests instead.
2022-08-24 00:34:24,667 INFO  [restartedMain] org.springframework.security.web.DefaultSecurityFilterChain:Will not secure Ant [pattern='/v3/api-docs/**']
2022-08-24 00:34:24,668 WARN  [restartedMain] org.springframework.security.config.annotation.web.builders.WebSecurity:You are asking Spring Security to ignore Ant [pattern='/swagger-ui.html']. This is not recommended -- please use permitAll via HttpSecurity#authorizeHttpRequests instead.
2022-08-24 00:34:24,668 INFO  [restartedMain] org.springframework.security.web.DefaultSecurityFilterChain:Will not secure Ant [pattern='/swagger-ui.html']
2022-08-24 00:34:24,668 WARN  [restartedMain] org.springframework.security.config.annotation.web.builders.WebSecurity:You are asking Spring Security to ignore Ant [pattern='/swagger-ui/**']. This is not recommended -- please use permitAll via HttpSecurity#authorizeHttpRequests instead.
2022-08-24 00:34:24,668 INFO  [restartedMain] org.springframework.security.web.DefaultSecurityFilterChain:Will not secure Ant [pattern='/swagger-ui/**']
2022-08-24 00:34:24,669 WARN  [restartedMain] org.springframework.security.config.annotation.web.builders.WebSecurity:You are asking Spring Security to ignore Ant [pattern='/']. This is not recommended -- please use permitAll via HttpSecurity#authorizeHttpRequests instead.
2022-08-24 00:34:24,669 INFO  [restartedMain] org.springframework.security.web.DefaultSecurityFilterChain:Will not secure Ant [pattern='/']
2022-08-24 00:34:24,669 WARN  [restartedMain] org.springframework.security.config.annotation.web.builders.WebSecurity:You are asking Spring Security to ignore Ant [pattern='index.html']. This is not recommended -- please use permitAll via HttpSecurity#authorizeHttpRequests instead.
2022-08-24 00:34:24,669 INFO  [restartedMain] org.springframework.security.web.DefaultSecurityFilterChain:Will not secure Ant [pattern='index.html']
2022-08-24 00:34:24,669 WARN  [restartedMain] org.springframework.security.config.annotation.web.builders.WebSecurity:You are asking Spring Security to ignore Ant [pattern='/images/**']. This is not recommended -- please use permitAll via HttpSecurity#authorizeHttpRequests instead.
2022-08-24 00:34:24,669 INFO  [restartedMain] org.springframework.security.web.DefaultSecurityFilterChain:Will not secure Ant [pattern='/images/**']
2022-08-24 00:34:24,701 INFO  [restartedMain] org.springframework.security.web.DefaultSecurityFilterChain:Will secure any request with [org.springframework.security.web.context.request.async.WebAsyncManagerIntegrationFilter@447e67c7, org.springframework.security.web.context.SecurityContextPersistenceFilter@323c1849, org.springframework.security.web.header.HeaderWriterFilter@34402d4e, org.springframework.security.web.authentication.logout.LogoutFilter@3e5b8067, com.hillrent.security.jwt.AuthTokenFilter@3d7109eb, org.springframework.security.web.savedrequest.RequestCacheAwareFilter@368e8ef6, org.springframework.security.web.servletapi.SecurityContextHolderAwareRequestFilter@5572ca2c, org.springframework.security.web.authentication.AnonymousAuthenticationFilter@13be158a, org.springframework.security.web.session.SessionManagementFilter@3bdebca, org.springframework.security.web.access.ExceptionTranslationFilter@de89e43, org.springframework.security.web.access.intercept.FilterSecurityInterceptor@6e742379]
2022-08-24 00:34:25,960 INFO  [restartedMain] org.springframework.boot.devtools.autoconfigure.OptionalLiveReloadServer:LiveReload server is running on port 35729
2022-08-24 00:34:25,967 INFO  [restartedMain] org.springframework.boot.actuate.endpoint.web.EndpointLinksResolver:Exposing 2 endpoint(s) beneath base path '/actuator'
2022-08-24 00:34:26,025 WARN  [restartedMain] org.springframework.boot.web.servlet.context.AnnotationConfigServletWebServerApplicationContext:Exception encountered during context initialization - cancelling refresh attempt: org.springframework.context.ApplicationContextException: Failed to start bean 'webServerStartStop'; nested exception is org.springframework.boot.web.server.PortInUseException: Port 8080 is already in use
2022-08-24 00:34:26,032 INFO  [restartedMain] org.springframework.orm.jpa.LocalContainerEntityManagerFactoryBean:Closing JPA EntityManagerFactory for persistence unit 'default'
2022-08-24 00:34:26,035 INFO  [restartedMain] com.zaxxer.hikari.HikariDataSource:HikariPool-1 - Shutdown initiated...
2022-08-24 00:34:26,039 INFO  [restartedMain] com.zaxxer.hikari.HikariDataSource:HikariPool-1 - Shutdown completed.
2022-08-24 00:34:26,043 INFO  [restartedMain] org.apache.catalina.core.StandardService:Stopping service [Tomcat]
2022-08-24 00:34:26,068 INFO  [restartedMain] org.springframework.boot.autoconfigure.logging.ConditionEvaluationReportLoggingListener:

Error starting ApplicationContext. To display the conditions report re-run your application with 'debug' enabled.
2022-08-24 00:34:26,088 ERROR [restartedMain] org.springframework.boot.diagnostics.LoggingFailureAnalysisReporter:

***************************
APPLICATION FAILED TO START
***************************

Description:

Web server failed to start. Port 8080 was already in use.

Action:

Identify and stop the process that's listening on port 8080 or configure this application to listen on another port.

